#
# A fatal error has been detected by the Java Runtime Environment:
#
#  EXCEPTION_ACCESS_VIOLATION (0xc0000005) at pc=0x00007ffa7bb5ae69, pid=11488, tid=1804
#
# JRE version: Java(TM) SE Runtime Environment (22.0.2+9) (build 22.0.2+9-70)
# Java VM: Java HotSpot(TM) 64-Bit Server VM (22.0.2+9-70, mixed mode, sharing, tiered, compressed oops, compressed class ptrs, g1 gc, windows-amd64)
# Problematic frame:
# C  [awt.dll+0xdae69]
#
# No core dump will be written. Minidumps are not enabled by default on client versions of Windows
#
# If you would like to submit a bug report, please visit:
#   https://bugreport.java.com/bugreport/crash.jsp
# The crash happened outside the Java Virtual Machine in native code.
# See problematic frame for where to report the bug.
#

---------------  S U M M A R Y ------------

Command Line: -javaagent:C:\Program Files\JetBrains\IntelliJ IDEA Community Edition 2024.1.4\lib\idea_rt.jar=50100:C:\Program Files\JetBrains\IntelliJ IDEA Community Edition 2024.1.4\bin -Dfile.encoding=UTF-8 -Dsun.stdout.encoding=UTF-8 -Dsun.stderr.encoding=UTF-8 bank.management.system.SignUp2

Host: Intel(R) Core(TM) i5-6200U CPU @ 2.30GHz, 4 cores, 7G,  Windows 10 , 64 bit Build 19041 (10.0.19041.4717)
Time: Sun Jul 28 22:45:16 2024 India Standard Time elapsed time: 6664.337099 seconds (0d 1h 51m 4s)

---------------  T H R E A D  ---------------

Current thread (0x00000173c8ab2890):  JavaThread "AWT-EventQueue-0"        [_thread_in_native, id=1804, stack(0x0000006192700000,0x0000006192800000) (1024K)]

Stack: [0x0000006192700000,0x0000006192800000],  sp=0x00000061927fee30,  free space=1019k
Native frames: (J=compiled Java code, j=interpreted, Vv=VM code, C=native code)
C  [awt.dll+0xdae69]  (no source info available)
C  [awt.dll+0xda228]  (no source info available)
C  0x00000173f513cfc7  (no source info available)

The last pc belongs to native method entry point (kind = native) (printed below).
Java frames: (J=compiled Java code, j=interpreted, Vv=VM code)
j  sun.awt.Win32GraphicsConfig.getBounds(I)Ljava/awt/Rectangle;+0 java.desktop@22.0.2
j  sun.awt.Win32GraphicsConfig.getBounds()Ljava/awt/Rectangle;+8 java.desktop@22.0.2
j  sun.awt.Win32GraphicsDevice.displayChanged()V+23 java.desktop@22.0.2
j  sun.awt.Win32GraphicsEnvironment.displayChanged()V+271 java.desktop@22.0.2
j  sun.awt.windows.WToolkit.lambda$displayChanged$4()V+15 java.desktop@22.0.2
j  sun.awt.windows.WToolkit$$Lambda+0x00000173831683c0.run()V+0 java.desktop@22.0.2
j  java.awt.event.InvocationEvent.dispatch()V+47 java.desktop@22.0.2
j  java.awt.EventQueue.dispatchEventImpl(Ljava/awt/AWTEvent;Ljava/lang/Object;)V+21 java.desktop@22.0.2
j  java.awt.EventQueue$4.run()Ljava/lang/Void;+32 java.desktop@22.0.2
j  java.awt.EventQueue$4.run()Ljava/lang/Object;+1 java.desktop@22.0.2
J 1462 c1 java.security.ProtectionDomain$JavaSecurityAccessImpl.doIntersectionPrivilege(Ljava/security/PrivilegedAction;Ljava/security/AccessControlContext;Ljava/security/AccessControlContext;)Ljava/lang/Object; java.base@22.0.2 (22 bytes) @ 0x00000173ede726e4 [0x00000173ede72440+0x00000000000002a4]
j  java.awt.EventQueue.dispatchEvent(Ljava/awt/AWTEvent;)V+46 java.desktop@22.0.2
j  java.awt.EventDispatchThread.pumpOneEventForFilters(I)V+81 java.desktop@22.0.2
j  java.awt.EventDispatchThread.pumpEventsForFilter(ILjava/awt/Conditional;Ljava/awt/EventFilter;)V+35 java.desktop@22.0.2
j  java.awt.EventDispatchThread.pumpEventsForHierarchy(ILjava/awt/Conditional;Ljava/awt/Component;)V+11 java.desktop@22.0.2
j  java.awt.EventDispatchThread.pumpEvents(ILjava/awt/Conditional;)V+4 java.desktop@22.0.2
j  java.awt.EventDispatchThread.pumpEvents(Ljava/awt/Conditional;)V+3 java.desktop@22.0.2
j  java.awt.EventDispatchThread.run()V+9 java.desktop@22.0.2
v  ~StubRoutines::call_stub 0x00000173f513100d

siginfo: EXCEPTION_ACCESS_VIOLATION (0xc0000005), reading address 0x0000000000000028


Registers:
RAX=0x0000000000000000, RBX=0x00000173c8d409a0, RCX=0x0000000000000000, RDX=0x0000000000000000
RSP=0x00000061927fee30, RBP=0x0000000000000000, RSI=0x0000000000000000, RDI=0x0000000000000000
R8 =0x0000000000000001, R9 =0x0000000000000004, R10=0x00000173c8ab6f00, R11=0x00000173c32d3478
R12=0x0000000000000000, R13=0x00000173c73c0ac8, R14=0x00000173c748c9f0, R15=0x0000000000000000
RIP=0x00007ffa7bb5ae69, EFLAGS=0x0000000000010246


Register to memory mapping:

RAX=0x0 is null
RBX=0x00000173c8d409a0 points into unknown readable memory: 0x00000173c8e3fde0 | e0 fd e3 c8 73 01 00 00
RCX=0x0 is null
RDX=0x0 is null
RSP=0x00000061927fee30 is pointing into the stack for thread: 0x00000173c8ab2890
RBP=0x0 is null
RSI=0x0 is null
RDI=0x0 is null
R8 =0x0000000000000001 is an unknown value
R9 =0x0000000000000004 is an unknown value
R10=0x00000173c8ab6f00 points into unknown readable memory: 0x0000001e00000003 | 03 00 00 00 1e 00 00 00
R11={method} {0x00000173c32d3480} '<init>' '(IIII)V' in 'java/awt/Rectangle'
R12=0x0 is null
R13=0x00000173c73c0ac8 points into unknown readable memory: 0x00000173c32d3478 | 78 34 2d c3 73 01 00 00
R14=0x00000173c748c9f0 points into unknown readable memory: 0x0000000088a14108 | 08 41 a1 88 00 00 00 00
R15=0x0 is null

Top of Stack: (sp=0x00000061927fee30)
0x00000061927fee30:   00007ffa7bbb9848 00000173c8d409a0
0x00000061927fee40:   00000173c8d409a0 0000000000000018
0x00000061927fee50:   00000173c8ab2c50 00007ffa7bb5a228
0x00000061927fee60:   00000173c8d409a0 00000173c8d409a0
0x00000061927fee70:   0000000000000018 00000173c8ab2c50
0x00000061927fee80:   0000000081fc2980 00000173c32a60a8
0x00000061927fee90:   0000000000000000 00000061927feeb0
0x00000061927feea0:   0000000000000000 0000000000000000
0x00000061927feeb0:   0000e1f63fc54228 0000000088bf9cd0
0x00000061927feec0:   00000173c8ab2890 00000061927fefa8
0x00000061927feed0:   00000173c32caa00 0000000000000000
0x00000061927feee0:   0000000000000128 0000000000000018
0x00000061927feef0:   00000061927fef80 00000173f513cfc7
0x00000061927fef00:   00000061927fef18 00000173c32caa00
0x00000061927fef10:   00000173f51388c0 0000000000000000
0x00000061927fef20:   0000000088bf9cd0 00000000893682f8
0x00000061927fef30:   00000000893682f8 fffffffffffffff7
0x00000061927fef40:   0000000000000000 0000000000000005
0x00000061927fef50:   00000173c32cd778 0000000000000000
0x00000061927fef60:   0000000081fc0c20 00000173c32caa00
0x00000061927fef70:   0000000000000000 00000061927fefa0
0x00000061927fef80:   00000061927feff8 00000173f5138a5a
0x00000061927fef90:   0000000000000000 00000173f513a51a
0x00000061927fefa0:   0000000000000000 00000000893682f8
0x00000061927fefb0:   fffffffffffffff7 00000173c32caaa8
0x00000061927fefc0:   0000000000000002 00000173c32cd778
0x00000061927fefd0:   0000000000000000 0000000081fc0c20
0x00000061927fefe0:   00000173c32caac0 fffffffffffffff5
0x00000061927feff0:   00000061927ff008 00000061927ff058
0x00000061927ff000:   00000173f5138a5a 00000000893682f8
0x00000061927ff010:   fffffffffffffff7 00000173c32a5eff
0x00000061927ff020:   0000000000000003 00000173c32a76a8 

Instructions: (pc=0x00007ffa7bb5ae69)
0x00007ffa7bb5ad69:   cc cc cc cc cc cc cc 48 89 5c 24 08 48 89 6c 24
0x00007ffa7bb5ad79:   10 48 89 74 24 18 57 48 83 ec 20 41 8b f8 0f b6
0x00007ffa7bb5ad89:   f2 48 8b e9 e8 0e cf f4 ff 48 8b d8 48 89 44 24
0x00007ffa7bb5ad99:   48 41 b8 01 00 00 00 8b d7 48 8b c8 e8 76 ce f4
0x00007ffa7bb5ada9:   ff 48 8b c8 44 0f b6 c6 48 8b d5 e8 97 fa ff ff
0x00007ffa7bb5adb9:   48 8b f8 48 8b cb e8 9c d0 f4 ff 90 48 8b c7 48
0x00007ffa7bb5adc9:   8b 5c 24 30 48 8b 6c 24 38 48 8b 74 24 40 48 83
0x00007ffa7bb5add9:   c4 20 5f c3 cc cc cc 48 8b 49 28 e9 07 07 00 00
0x00007ffa7bb5ade9:   cc cc cc cc cc cc cc 48 89 5c 24 08 57 48 83 ec
0x00007ffa7bb5adf9:   20 8b f9 e8 9f ce f4 ff 48 8b d8 48 89 44 24 38
0x00007ffa7bb5ae09:   41 b8 01 00 00 00 8b d7 48 8b c8 e8 07 ce f4 ff
0x00007ffa7bb5ae19:   48 8b 08 8b 39 48 8b cb e8 3a d0 f4 ff 90 8b c7
0x00007ffa7bb5ae29:   48 8b 5c 24 30 48 83 c4 20 5f c3 cc cc cc cc cc
0x00007ffa7bb5ae39:   cc cc cc cc cc cc cc 48 89 5c 24 08 57 48 83 ec
0x00007ffa7bb5ae49:   20 8b f9 e8 4f ce f4 ff 48 8b d8 48 89 44 24 38
0x00007ffa7bb5ae59:   41 b8 01 00 00 00 8b d7 48 8b c8 e8 b7 cd f4 ff
0x00007ffa7bb5ae69:   48 8b 78 28 48 8b cb e8 eb cf f4 ff 90 48 8b c7
0x00007ffa7bb5ae79:   48 8b 5c 24 30 48 83 c4 20 5f c3 cc cc cc cc cc
0x00007ffa7bb5ae89:   cc cc cc cc cc cc cc 48 89 5c 24 08 57 48 83 ec
0x00007ffa7bb5ae99:   20 8b f9 e8 ff cd f4 ff 48 8b d8 48 89 44 24 38
0x00007ffa7bb5aea9:   41 b8 01 00 00 00 8b d7 48 8b c8 e8 67 cd f4 ff
0x00007ffa7bb5aeb9:   48 8b 78 30 48 8b cb e8 9b cf f4 ff 90 48 8b c7
0x00007ffa7bb5aec9:   48 8b 5c 24 30 48 83 c4 20 5f c3 cc cc cc cc cc
0x00007ffa7bb5aed9:   cc cc cc cc cc cc cc 48 89 5c 24 08 57 48 83 ec
0x00007ffa7bb5aee9:   20 8b f9 e8 af cd f4 ff 48 8b d8 48 89 44 24 38
0x00007ffa7bb5aef9:   41 b8 01 00 00 00 8b d7 48 8b c8 e8 17 cd f4 ff
0x00007ffa7bb5af09:   48 8b 78 08 48 85 ff 74 07 48 8b bf 08 0c 00 00
0x00007ffa7bb5af19:   48 8b cb e8 3f cf f4 ff 90 48 8b c7 48 8b 5c 24
0x00007ffa7bb5af29:   30 48 83 c4 20 5f c3 f3 0f 10 41 48 c3 cc cc cc
0x00007ffa7bb5af39:   cc cc cc cc cc cc cc f3 0f 10 41 4c c3 cc cc cc
0x00007ffa7bb5af49:   cc cc cc cc cc cc cc 48 89 5c 24 10 48 89 74 24
0x00007ffa7bb5af59:   18 55 57 41 56 48 8d 6c 24 e0 48 81 ec 20 01 00 


Stack slot to memory mapping:

stack at sp + 0 slots: 0x00007ffa7bbb9848 awt.dll
stack at sp + 1 slots: 0x00000173c8d409a0 points into unknown readable memory: 0x00000173c8e3fde0 | e0 fd e3 c8 73 01 00 00
stack at sp + 2 slots: 0x00000173c8d409a0 points into unknown readable memory: 0x00000173c8e3fde0 | e0 fd e3 c8 73 01 00 00
stack at sp + 3 slots: 0x0000000000000018 is an unknown value
stack at sp + 4 slots: 0x00000173c8ab2c50 points into unknown readable memory: 0x00007ffa6a1eeac0 | c0 ea 1e 6a fa 7f 00 00
stack at sp + 5 slots: 0x00007ffa7bb5a228 awt.dll
stack at sp + 6 slots: 0x00000173c8d409a0 points into unknown readable memory: 0x00000173c8e3fde0 | e0 fd e3 c8 73 01 00 00
stack at sp + 7 slots: 0x00000173c8d409a0 points into unknown readable memory: 0x00000173c8e3fde0 | e0 fd e3 c8 73 01 00 00

native method entry point (kind = native)  [0x00000173f513cba0, 0x00000173f513d6c0]  2848 bytes
[MachCode]
  0x00000173f513cba0: 488b 4b08 | 0fb7 492e | 584c 8d74 | ccf8 6800 | 0000 0068 | 0000 0000 | 5055 488b | ec41 5568 
  0x00000173f513cbc0: 0000 0000 | 4c8b 6b08 | 4d8d 6d38 | 5348 8b53 | 0848 8b52 | 0848 8b52 | 1848 8b52 | 7048 8b12 
  0x00000173f513cbe0: 5248 8b53 | 1048 85d2 | 0f84 0700 | 0000 4881 | c210 0100 | 0052 488b | 5308 488b | 5208 488b 
  0x00000173f513cc00: 5210 5249 | 8bc6 482b | c548 c1e8 | 0350 6800 | 0000 0068 | f7ff ffff | 41c6 8781 | 0400 0001 
  0x00000173f513cc20: 488b 4310 | 4885 c074 | 208b 88cc | 0000 0083 | c102 8988 | cc00 0000 | 2388 e000 | 0000 0f84 
  0x00000173f513cc40: cb09 0000 | e9cf 0000 | 0048 8b43 | 1848 85c0 | 0f85 b000 | 0000 e805 | 0000 00e9 | 9900 0000 
  0x00000173f513cc60: 488b d348 | 8d44 2408 | 4c89 6dc0 | 498b cfc5 | f877 4989 | afb0 0300 | 0049 8987 | a003 0000 
  0x00000173f513cc80: 4883 ec20 | 40f6 c40f | 0f84 1900 | 0000 4883 | ec08 48b8 | 00a7 9e69 | fa7f 0000 | ffd0 4883 
  0x00000173f513cca0: c408 e90c | 0000 0048 | b800 a79e | 69fa 7f00 | 00ff d048 | 83c4 2049 | c787 a003 | 0000 0000 
  0x00000173f513ccc0: 0000 49c7 | 87b0 0300 | 0000 0000 | 0049 c787 | a803 0000 | 0000 0000 | c5f8 7749 | 837f 0800 
  0x00000173f513cce0: 0f84 0500 | 0000 e915 | 42ff ff4c | 8b6d c04c | 8b75 c84e | 8d74 f500 | c348 8b43 | 1848 85c0 
  0x00000173f513cd00: 0f84 1200 | 0000 8b48 | 0883 c102 | 8948 0823 | 481c 0f84 | f708 0000 | 493b a7f0 | 0400 000f 
  0x00000173f513cd20: 8748 0000 | 0089 8424 | 00f0 ffff | 8984 2400 | e0ff ff89 | 8424 00d0 | ffff 8984 | 2400 c0ff 
  0x00000173f513cd40: ff89 8424 | 00b0 ffff | 8984 2400 | a0ff ff89 | 8424 0090 | ffff 8984 | 2400 80ff | ff49 3ba7 
  0x00000173f513cd60: e804 0000 | 7607 4989 | a7f0 0400 | 0041 c687 | 8104 0000 | 0049 ba6c | 4025 6afa | 7f00 0041 
  0x00000173f513cd80: 803a 000f | 843e 0000 | 0048 8b55 | e849 8bcf | 4883 ec20 | 40f6 c40f | 0f84 1900 | 0000 4883 
  0x00000173f513cda0: ec08 48b8 | 80b9 d569 | fa7f 0000 | ffd0 4883 | c408 e90c | 0000 0048 | b880 b9d5 | 69fa 7f00 
  0x00000173f513cdc0: 00ff d048 | 83c4 2048 | 8b5d e84c | 8b5b 0845 | 0fb7 5b2e | 41c1 e303 | 492b e348 | 83ec 2048 
  0x00000173f513cde0: 83e4 f04c | 8b5b 604d | 85db 0f85 | ab00 0000 | e805 0000 | 00e9 9900 | 0000 488b | d348 8d44 
  0x00000173f513ce00: 2408 4c89 | 6dc0 498b | cfc5 f877 | 4989 afb0 | 0300 0049 | 8987 a003 | 0000 4883 | ec20 40f6 
  0x00000173f513ce20: c40f 0f84 | 1900 0000 | 4883 ec08 | 48b8 20ce | 9e69 fa7f | 0000 ffd0 | 4883 c408 | e90c 0000 
  0x00000173f513ce40: 0048 b820 | ce9e 69fa | 7f00 00ff | d048 83c4 | 2049 c787 | a003 0000 | 0000 0000 | 49c7 87b0 
  0x00000173f513ce60: 0300 0000 | 0000 0049 | c787 a803 | 0000 0000 | 0000 c5f8 | 7749 837f | 0800 0f84 | 0500 0000 
  0x00000173f513ce80: e97b 40ff | ff4c 8b6d | c04c 8b75 | c84e 8d74 | f500 c348 | 8b5d e84c | 8b5b 6041 | ffd3 488b 
  0x00000173f513cea0: 5de8 4889 | 4518 448b | 5b28 41f6 | c308 0f84 | 1b00 0000 | 4c8b 5b08 | 4d8b 5b08 | 4d8b 5b18 
  0x00000173f513cec0: 4d8b 5b70 | 4d8b 1b4c | 895d 1048 | 8d55 1048 | 8b43 5849 | ba80 10d6 | 69fa 7f00 | 0049 3bc2 
  0x00000173f513cee0: 0f85 ab00 | 0000 e805 | 0000 00e9 | 9900 0000 | 488b d348 | 8d44 2408 | 4c89 6dc0 | 498b cfc5 
  0x00000173f513cf00: f877 4989 | afb0 0300 | 0049 8987 | a003 0000 | 4883 ec20 | 40f6 c40f | 0f84 1900 | 0000 4883 
  0x00000173f513cf20: ec08 48b8 | 20ce 9e69 | fa7f 0000 | ffd0 4883 | c408 e90c | 0000 0048 | b820 ce9e | 69fa 7f00 
  0x00000173f513cf40: 00ff d048 | 83c4 2049 | c787 a003 | 0000 0000 | 0000 49c7 | 87b0 0300 | 0000 0000 | 0049 c787 
  0x00000173f513cf60: a803 0000 | 0000 0000 | c5f8 7749 | 837f 0800 | 0f84 0500 | 0000 e985 | 3fff ff4c | 8b6d c04c 
  0x00000173f513cf80: 8b75 c84e | 8d74 f500 | c348 8b5d | e848 8b43 | 5849 8d8f | c003 0000 | c5f8 7749 | 89af b003 
  0x00000173f513cfa0: 0000 49ba | 98cf 13f5 | 7301 0000 | 4d89 97a8 | 0300 0049 | 89a7 a003 | 0000 41c7 | 8754 0400 
  0x00000173f513cfc0: 0004 0000 | 00ff d0c5 | f877 4883 | ec10 c5fb | 1104 2448 | 83ec 1048 | 8904 2448 | c744 2408 
  0x00000173f513cfe0: 0000 0000 | 41c7 8754 | 0400 0005 | 0000 00f0 | 8344 24c0 | 0049 3baf | 5804 0000 | 0f87 0e00 
  0x00000173f513d000: 0000 4183 | bf50 0400 | 0000 0f84 | 2000 0000 | 498b cf4c | 8be4 4883 | ec20 4883 | e4f0 48b8 
  0x00000173f513d020: 4023 a069 | fa7f 0000 | ffd0 498b | e44d 33e4 | 41c7 8754 | 0400 0008 | 0000 0049 | c787 a003 
  0x00000173f513d040: 0000 0000 | 0000 49c7 | 87b0 0300 | 0000 0000 | 0049 c787 | a803 0000 | 0000 0000 | c5f8 774d 
  0x00000173f513d060: 8b9f 3004 | 0000 41c7 | 8300 0100 | 0000 0000 | 0049 bb1a | a513 f573 | 0100 004c | 3b5d 180f 
  0x00000173f513d080: 8524 0200 | 0048 8b04 | 2448 83c4 | 1048 85c0 | 0f84 fe01 | 0000 a803 | 0f85 0800 | 0000 488b 
  0x00000173f513d0a0: 00e9 ee01 | 0000 a801 | 0f85 0900 | 0000 488b | 40fe e9dd | 0100 0048 | 8b40 ff41 | 807f 3800 
  0x00000173f513d0c0: 0f84 ce01 | 0000 4883 | f800 0f84 | c401 0000 | 4d8b 5f28 | 4983 fb00 | 0f84 1400 | 0000 4983 
  0x00000173f513d0e0: eb08 4d89 | 5f28 4d03 | 5f30 4989 | 03e9 a201 | 0000 4881 | ecd0 0000 | 0048 8904 | 2448 894c 
  0x00000173f513d100: 2408 4889 | 5424 1048 | 8974 2418 | 4889 7c24 | 204c 8944 | 2428 4c89 | 4c24 304c | 8954 2438 
  0x00000173f513d120: 4c89 5c24 | 40c5 fb11 | 4424 50c5 | fb11 4c24 | 58c5 fb11 | 5424 60c5 | fb11 5c24 | 68c5 fb11 
  0x00000173f513d140: 6424 70c5 | fb11 6c24 | 78c5 fb11 | b424 8000 | 0000 c5fb | 11bc 2488 | 0000 00c5 | 7b11 8424 
  0x00000173f513d160: 9000 0000 | c57b 118c | 2498 0000 | 00c5 7b11 | 9424 a000 | 0000 c57b | 119c 24a8 | 0000 00c5 
  0x00000173f513d180: 7b11 a424 | b000 0000 | c57b 11ac | 24b8 0000 | 00c5 7b11 | b424 c000 | 0000 c57b | 11bc 24c8 
  0x00000173f513d1a0: 0000 0049 | 8bd7 488b | c848 83ec | 2040 f6c4 | 0f0f 8419 | 0000 0048 | 83ec 0848 | b830 3f93 
  0x00000173f513d1c0: 69fa 7f00 | 00ff d048 | 83c4 08e9 | 0c00 0000 | 48b8 303f | 9369 fa7f | 0000 ffd0 | 4883 c420 
  0x00000173f513d1e0: c57b 10bc | 24c8 0000 | 00c5 7b10 | b424 c000 | 0000 c57b | 10ac 24b8 | 0000 00c5 | 7b10 a424 
  0x00000173f513d200: b000 0000 | c57b 109c | 24a8 0000 | 00c5 7b10 | 9424 a000 | 0000 c57b | 108c 2498 | 0000 00c5 
  0x00000173f513d220: 7b10 8424 | 9000 0000 | c5fb 10bc | 2488 0000 | 00c5 fb10 | b424 8000 | 0000 c5fb | 106c 2478 
  0x00000173f513d240: c5fb 1064 | 2470 c5fb | 105c 2468 | c5fb 1054 | 2460 c5fb | 104c 2458 | c5fb 1044 | 2450 4c8b 
  0x00000173f513d260: 5c24 404c | 8b54 2438 | 4c8b 4c24 | 304c 8b44 | 2428 488b | 7c24 2048 | 8b74 2418 | 488b 5424 
  0x00000173f513d280: 1048 8b4c | 2408 488b | 0424 4881 | c4d0 0000 | 00c5 f877 | 4889 4510 | 4883 ec10 | 4889 0424 
  0x00000173f513d2a0: 48c7 4424 | 0800 0000 | 0041 83bf | d004 0000 | 020f 85bf | 0000 0048 | 81ec 8000 | 0000 4889 
  0x00000173f513d2c0: 4424 7848 | 894c 2470 | 4889 5424 | 6848 895c | 2460 4889 | 6c24 5048 | 8974 2448 | 4889 7c24 
  0x00000173f513d2e0: 404c 8944 | 2438 4c89 | 4c24 304c | 8954 2428 | 4c89 5c24 | 204c 8964 | 2418 4c89 | 6c24 104c 
  0x00000173f513d300: 8974 2408 | 4c89 3c24 | 4c8b e448 | 83ec 2048 | 83e4 f048 | b8d0 f1d5 | 69fa 7f00 | 00ff d049 
  0x00000173f513d320: 8be4 4c8b | 3c24 4c8b | 7424 084c | 8b6c 2410 | 4c8b 6424 | 184c 8b5c | 2420 4c8b | 5424 284c 
  0x00000173f513d340: 8b4c 2430 | 4c8b 4424 | 3848 8b7c | 2440 488b | 7424 4848 | 8b6c 2450 | 488b 5c24 | 6048 8b54 
  0x00000173f513d360: 2468 488b | 4c24 7048 | 8b44 2478 | 4881 c480 | 0000 004d | 33e4 488b | 5de8 4c8b | 6b08 4d8d 
  0x00000173f513d380: 6d38 4983 | 7f08 000f | 84bb 0000 | 00e8 0500 | 0000 e996 | 0000 0048 | 8d44 2408 | 4c89 6dc0 
  0x00000173f513d3a0: 498b cfc5 | f877 4989 | afb0 0300 | 0049 8987 | a003 0000 | 4883 ec20 | 40f6 c40f | 0f84 1900 
  0x00000173f513d3c0: 0000 4883 | ec08 48b8 | 60ec 9e69 | fa7f 0000 | ffd0 4883 | c408 e90c | 0000 0048 | b860 ec9e 
  0x00000173f513d3e0: 69fa 7f00 | 00ff d048 | 83c4 2049 | c787 a003 | 0000 0000 | 0000 49c7 | 87b0 0300 | 0000 0000 
  0x00000173f513d400: 0049 c787 | a803 0000 | 0000 0000 | c5f8 7749 | 837f 0800 | 0f84 0500 | 0000 e9e1 | 3aff ff4c 
  0x00000173f513d420: 8b6d c04c | 8b75 c84e | 8d74 f500 | c348 b9c0 | 28fd 69fa | 7f00 0048 | 83e4 f048 | b830 99c4 
  0x00000173f513d440: 69fa 7f00 | 00ff d0f4 | 448b 5b28 | 41f6 c320 | 0f84 4401 | 0000 488d | 55a8 4c8b | 5a08 4d85 
  0x00000173f513d460: db0f 85bb | 0000 00e8 | 0500 0000 | e996 0000 | 0048 8d44 | 2408 4c89 | 6dc0 498b | cfc5 f877 
  0x00000173f513d480: 4989 afb0 | 0300 0049 | 8987 a003 | 0000 4883 | ec20 40f6 | c40f 0f84 | 1900 0000 | 4883 ec08 
  0x00000173f513d4a0: 48b8 90eb | 9e69 fa7f | 0000 ffd0 | 4883 c408 | e90c 0000 | 0048 b890 | eb9e 69fa | 7f00 00ff 
  0x00000173f513d4c0: d048 83c4 | 2049 c787 | a003 0000 | 0000 0000 | 49c7 87b0 | 0300 0000 | 0000 0049 | c787 a803 
  0x00000173f513d4e0: 0000 0000 | 0000 c5f8 | 7749 837f | 0800 0f84 | 0500 0000 | e907 3aff | ff4c 8b6d | c04c 8b75 
  0x00000173f513d500: c84e 8d74 | f500 c348 | b9c0 28fd | 69fa 7f00 | 0048 83e4 | f048 b830 | 99c4 69fa | 7f00 00ff 
  0x00000173f513d520: d0f4 4c89 | 6dc0 488d | 024c 8b4a | 0848 c742 | 0800 0000 | 004c 8b00 | 4d85 c00f | 840b 0000 
  0x00000173f513d540: 00f0 4d0f | b101 0f85 | 0c00 0000 | 49ff 8f58 | 0500 00e9 | 3e00 0000 | 4c89 4a08 | 488b ca48 
  0x00000173f513d560: 83ec 2040 | f6c4 0f0f | 8419 0000 | 0048 83ec | 0848 b820 | be9e 69fa | 7f00 00ff | d048 83c4 
  0x00000173f513d580: 08e9 0c00 | 0000 48b8 | 20be 9e69 | fa7f 0000 | ffd0 4883 | c420 4c8b | 6dc0 49ba | 6c40 256a 
  0x00000173f513d5a0: fa7f 0000 | 4180 3a00 | 0f84 3e00 | 0000 488b | 55e8 498b | cf48 83ec | 2040 f6c4 | 0f0f 8419 
  0x00000173f513d5c0: 0000 0048 | 83ec 0848 | b880 b9d5 | 69fa 7f00 | 00ff d048 | 83c4 08e9 | 0c00 0000 | 48b8 80b9 
  0x00000173f513d5e0: d569 fa7f | 0000 ffd0 | 4883 c420 | 488b 0424 | 4883 c410 | c5fb 1004 | 2448 83c4 | 104c 8b5d 
  0x00000173f513d600: 1841 ffd3 | 4c8b 5df8 | c95f 498b | e3ff e7ba | 0000 0000 | e805 0000 | 00e9 9600 | 0000 488d 
  0x00000173f513d620: 4424 084c | 896d c049 | 8bcf c5f8 | 7749 89af | b003 0000 | 4989 87a0 | 0300 0048 | 83ec 2040 
  0x00000173f513d640: f6c4 0f0f | 8419 0000 | 0048 83ec | 0848 b8e0 | b19e 69fa | 7f00 00ff | d048 83c4 | 08e9 0c00 
  0x00000173f513d660: 0000 48b8 | e0b1 9e69 | fa7f 0000 | ffd0 4883 | c420 49c7 | 87a0 0300 | 0000 0000 | 0049 c787 
  0x00000173f513d680: b003 0000 | 0000 0000 | 49c7 87a8 | 0300 0000 | 0000 00c5 | f877 4983 | 7f08 000f | 8405 0000 
  0x00000173f513d6a0: 00e9 5a38 | ffff 4c8b | 6dc0 4c8b | 75c8 4e8d | 74f5 00c3 | 488b 5de8 | e95b f6ff | ff66 6690 
[/MachCode]

Compiled method (c1) 6665920 1462       3       java.security.ProtectionDomain$JavaSecurityAccessImpl::doIntersectionPrivilege (22 bytes)
 total in heap  [0x00000173ede72210,0x00000173ede72c40] = 2608
 relocation     [0x00000173ede72368,0x00000173ede72438] = 208
 main code      [0x00000173ede72440,0x00000173ede72970] = 1328
 stub code      [0x00000173ede72970,0x00000173ede72a00] = 144
 metadata       [0x00000173ede72a00,0x00000173ede72a20] = 32
 scopes data    [0x00000173ede72a20,0x00000173ede72b18] = 248
 scopes pcs     [0x00000173ede72b18,0x00000173ede72c28] = 272
 dependencies   [0x00000173ede72c28,0x00000173ede72c30] = 8
 nul chk table  [0x00000173ede72c30,0x00000173ede72c40] = 16

[Constant Pool (empty)]

[MachCode]
[Entry Point]
  # {method} {0x00000173820ea978} 'doIntersectionPrivilege' '(Ljava/security/PrivilegedAction;Ljava/security/AccessControlContext;Ljava/security/AccessControlContext;)Ljava/lang/Object;' in 'java/security/ProtectionDomain$JavaSecurityAccessImpl'
  # this:     rdx:rdx   = 'java/security/ProtectionDomain$JavaSecurityAccessImpl'
  # parm0:    r8:r8     = 'java/security/PrivilegedAction'
  # parm1:    r9:r9     = 'java/security/AccessControlContext'
  # parm2:    rdi:rdi   = 'java/security/AccessControlContext'
  #           [sp+0xb0]  (sp of caller)
  0x00000173ede72440: 448b 5208 | 49bb 0000 | 0082 7301 | 0000 4d03 | d34c 3bd0 

  0x00000173ede72454: ;   {runtime_call ic_miss_stub}
  0x00000173ede72454: 0f85 26c3 | 3007 660f | 1f44 0000 
[Verified Entry Point]
  0x00000173ede72460: 8984 2400 | 80ff ff55 | 4881 eca0 | 0000 0090 | 4181 7f20 | 0100 0000 

  0x00000173ede72478: ;   {runtime_call StubRoutines (final stubs)}
  0x00000173ede72478: 7405 e861 

  0x00000173ede7247c: ;   {metadata(method data for {method} {0x00000173820ea978} 'doIntersectionPrivilege' '(Ljava/security/PrivilegedAction;Ljava/security/AccessControlContext;Ljava/security/AccessControlContext;)Ljava/lang/Object;' in 'java/security/ProtectionDomain$JavaSecurityAccessImpl')}
  0x00000173ede7247c: 282f 0748 | be50 d19b | c373 0100 | 008b 9ecc | 0000 0083 | c302 899e | cc00 0000 | 81e3 fe07 
  0x00000173ede7249c: 0000 85db | 0f84 b303 | 0000 4d85 

  0x00000173ede724a8: ;   {metadata(method data for {method} {0x00000173820ea978} 'doIntersectionPrivilege' '(Ljava/security/PrivilegedAction;Ljava/security/AccessControlContext;Ljava/security/AccessControlContext;)Ljava/lang/Object;' in 'java/security/ProtectionDomain$JavaSecurityAccessImpl')}
  0x00000173ede724a8: c048 ba50 | d19b c373 | 0100 0048 | c7c6 2801 | 0000 7407 | 48c7 c618 | 0100 0048 | 8b1c 3248 
  0x00000173ede724c8: 8d5b 0148 | 891c 320f | 84e7 0200 | 004c 8944 

  0x00000173ede724d8: ;   {metadata(method data for {method} {0x00000173820ea978} 'doIntersectionPrivilege' '(Ljava/security/PrivilegedAction;Ljava/security/AccessControlContext;Ljava/security/AccessControlContext;)Ljava/lang/Object;' in 'java/security/ProtectionDomain$JavaSecurityAccessImpl')}
  0x00000173ede724d8: 2460 48ba | 50d1 9bc3 | 7301 0000 | 4883 8248 | 0100 0001 | 488b d74d | 8bc1 0f1f 

  0x00000173ede724f4: ;   {static_call}
  0x00000173ede724f4: 4400 00e8 

  0x00000173ede724f8: ; ImmutableOopMap {[96]=Oop }
                      ;*invokestatic getCombinedACC {reexecute=0 rethrow=0 return_oop=0}
                      ; - java.security.ProtectionDomain$JavaSecurityAccessImpl::doIntersectionPrivilege@15 (line 89)
  0x00000173ede724f8: 6409 0000 

  0x00000173ede724fc: ;   {other}
  0x00000173ede724fc: 0f1f 8400 | ec02 0000 

  0x00000173ede72504: ;   {metadata(method data for {method} {0x00000173820ea978} 'doIntersectionPrivilege' '(Ljava/security/PrivilegedAction;Ljava/security/AccessControlContext;Ljava/security/AccessControlContext;)Ljava/lang/Object;' in 'java/security/ProtectionDomain$JavaSecurityAccessImpl')}
  0x00000173ede72504: 48be 50d1 | 9bc3 7301 | 0000 4883 | 8658 0100 

  0x00000173ede72514: ;   {metadata(method data for {method} {0x0000017382435e00} 'doPrivileged' '(Ljava/security/PrivilegedAction;Ljava/security/AccessControlContext;)Ljava/lang/Object;' in 'java/security/AccessController')}
  0x00000173ede72514: 0001 48be | 08e4 58c3 | 7301 0000 | 8bbe cc00 | 0000 83c7 | 0289 becc | 0000 0081 | e7fe ff1f 
  0x00000173ede72534: 0085 ff0f | 843d 0300 

  0x00000173ede7253c: ;   {metadata(method data for {method} {0x0000017382435e00} 'doPrivileged' '(Ljava/security/PrivilegedAction;Ljava/security/AccessControlContext;)Ljava/lang/Object;' in 'java/security/AccessController')}
  0x00000173ede7253c: 0048 be08 | e458 c373 | 0100 0048 | 8386 1801 | 0000 0148 | 8944 2468 

  0x00000173ede72554: ;   {static_call}
  0x00000173ede72554: 6666 90e8 

  0x00000173ede72558: ; ImmutableOopMap {[96]=Oop [104]=Oop }
                      ;*invokestatic getCallerClass {reexecute=0 rethrow=0 return_oop=0}
                      ; - java.security.AccessController::doPrivileged@0 (line 398)
                      ; - java.security.ProtectionDomain$JavaSecurityAccessImpl::doIntersectionPrivilege@18 (line 87)
  0x00000173ede72558: e489 8807 

  0x00000173ede7255c: ;   {other}
  0x00000173ede7255c: 0f1f 8400 | 4c03 0001 | 4889 4424 

  0x00000173ede72568: ;   {metadata(method data for {method} {0x0000017382435e00} 'doPrivileged' '(Ljava/security/PrivilegedAction;Ljava/security/AccessControlContext;)Ljava/lang/Object;' in 'java/security/AccessController')}
  0x00000173ede72568: 7048 ba08 | e458 c373 | 0100 0048 | 8382 2801 | 0000 0148 | 8b54 2468 | 4c8b c00f 

  0x00000173ede72584: ;   {static_call}
  0x00000173ede72584: 1f40 00e8 

  0x00000173ede72588: ; ImmutableOopMap {[96]=Oop [112]=Oop }
                      ;*invokestatic checkContext {reexecute=0 rethrow=0 return_oop=0}
                      ; - java.security.AccessController::doPrivileged@6 (line 399)
                      ; - java.security.ProtectionDomain$JavaSecurityAccessImpl::doIntersectionPrivilege@18 (line 87)
  0x00000173ede72588: 343a ecff 

  0x00000173ede7258c: ;   {other}
  0x00000173ede7258c: 0f1f 8400 | 7c03 0002 | 4889 4424 

  0x00000173ede72598: ;   {metadata(method data for {method} {0x0000017382435e00} 'doPrivileged' '(Ljava/security/PrivilegedAction;Ljava/security/AccessControlContext;)Ljava/lang/Object;' in 'java/security/AccessController')}
  0x00000173ede72598: 7848 ba08 | e458 c373 | 0100 0048 | 8382 3801 

  0x00000173ede725a8: ;   {metadata(method data for {method} {0x0000017382436088} 'executePrivileged' '(Ljava/security/PrivilegedAction;Ljava/security/AccessControlContext;Ljava/lang/Class;)Ljava/lang/Object;' in 'java/security/AccessController')}
  0x00000173ede725a8: 0000 0148 | ba20 5415 | c373 0100 | 008b b2cc | 0000 0083 | c602 89b2 | cc00 0000 | 81e6 feff 
  0x00000173ede725c8: 1f00 85f6 | 0f84 c902 | 0000 4885 

  0x00000173ede725d4: ;   {metadata(method data for {method} {0x0000017382436088} 'executePrivileged' '(Ljava/security/PrivilegedAction;Ljava/security/AccessControlContext;Ljava/lang/Class;)Ljava/lang/Object;' in 'java/security/AccessController')}
  0x00000173ede725d4: c048 ba20 | 5415 c373 | 0100 0048 | c7c6 1801 | 0000 7407 | 48c7 c628 | 0100 0048 | 8b3c 3248 
  0x00000173ede725f4: 8d7f 0148 | 893c 320f | 8423 0000 

  0x00000173ede72600: ;   {metadata(method data for {method} {0x0000017382436088} 'executePrivileged' '(Ljava/security/PrivilegedAction;Ljava/security/AccessControlContext;Ljava/lang/Class;)Ljava/lang/Object;' in 'java/security/AccessController')}
  0x00000173ede72600: 0048 ba20 | 5415 c373 | 0100 0048 | 8382 3801 | 0000 0148 

  0x00000173ede72614: ;   {static_call}
  0x00000173ede72614: 8bd0 90e8 

  0x00000173ede72618: ; ImmutableOopMap {[96]=Oop [112]=Oop [120]=Oop }
                      ;*invokestatic ensureMaterializedForStackWalk {reexecute=0 rethrow=0 return_oop=0}
                      ; - java.security.AccessController::executePrivileged@5 (line 774)
                      ; - java.security.AccessController::doPrivileged@13 (line 400)
                      ; - java.security.ProtectionDomain$JavaSecurityAccessImpl::doIntersectionPrivilege@18 (line 87)
  0x00000173ede72618: 244e 8907 

  0x00000173ede7261c: ;   {other}
  0x00000173ede7261c: 0f1f 8400 | 0c04 0003 

  0x00000173ede72624: ;   {metadata(method data for {method} {0x0000017382436088} 'executePrivileged' '(Ljava/security/PrivilegedAction;Ljava/security/AccessControlContext;Ljava/lang/Class;)Ljava/lang/Object;' in 'java/security/AccessController')}
  0x00000173ede72624: 48ba 2054 | 15c3 7301 | 0000 ff82 | 4801 0000 | 4c8b 4424 | 6049 3b00 

  0x00000173ede7263c: ;   {metadata(method data for {method} {0x0000017382436088} 'executePrivileged' '(Ljava/security/PrivilegedAction;Ljava/security/AccessControlContext;Ljava/lang/Class;)Ljava/lang/Object;' in 'java/security/AccessController')}
  0x00000173ede7263c: 498b d048 | be20 5415 | c373 0100 | 008b 5208 | 49ba 0000 | 0082 7301 | 0000 4903 | d248 3b96 
  0x00000173ede7265c: b001 0000 | 750d 4883 | 86b8 0100 | 0001 e960 | 0000 0048 | 3b96 c001 | 0000 750d | 4883 86c8 
  0x00000173ede7267c: 0100 0001 | e94a 0000 | 0048 83be | b001 0000 | 0075 1748 | 8996 b001 | 0000 48c7 | 86b8 0100 
  0x00000173ede7269c: 0001 0000 | 00e9 2900 | 0000 4883 | bec0 0100 | 0000 7517 | 4889 96c0 | 0100 0048 | c786 c801 
  0x00000173ede726bc: 0000 0100 | 0000 e908 | 0000 0048 | 8386 a801 | 0000 0149 | 8bd0 6666 | 9048 b8a0 | d362 c873 
  0x00000173ede726dc: ;   {virtual_call}
  0x00000173ede726dc: 0100 00e8 

  0x00000173ede726e0: ; ImmutableOopMap {[112]=Oop [120]=Oop }
                      ;*invokeinterface run {reexecute=0 rethrow=0 return_oop=0}
                      ; - java.security.AccessController::executePrivileged@29 (line 778)
                      ; - java.security.AccessController::doPrivileged@13 (line 400)
                      ; - java.security.ProtectionDomain$JavaSecurityAccessImpl::doIntersectionPrivilege@18 (line 87)
  0x00000173ede726e0: 4d0d 3107 

  0x00000173ede726e4: ;   {other}
  0x00000173ede726e4: 0f1f 8400 | d404 0004 

  0x00000173ede726ec: ;   {metadata(method data for {method} {0x0000017382436088} 'executePrivileged' '(Ljava/security/PrivilegedAction;Ljava/security/AccessControlContext;Ljava/lang/Class;)Ljava/lang/Object;' in 'java/security/AccessController')}
  0x00000173ede726ec: 48ba 2054 | 15c3 7301 | 0000 ff82 | d801 0000 

  0x00000173ede726fc: ;   {metadata(method data for {method} {0x0000017382436088} 'executePrivileged' '(Ljava/security/PrivilegedAction;Ljava/security/AccessControlContext;Ljava/lang/Class;)Ljava/lang/Object;' in 'java/security/AccessController')}
  0x00000173ede726fc: 48ba 2054 | 15c3 7301 | 0000 4883 | 8238 0200 | 0001 488b | d048 8984 | 2480 0000 | 0066 0f1f 
  0x00000173ede7271c: ;   {static_call}
  0x00000173ede7271c: 4400 00e8 

  0x00000173ede72720: ; ImmutableOopMap {[112]=Oop [120]=Oop [128]=Oop }
                      ;*invokestatic ensureMaterializedForStackWalk {reexecute=0 rethrow=0 return_oop=0}
                      ; - java.security.AccessController::executePrivileged@56 (line 786)
                      ; - java.security.AccessController::doPrivileged@13 (line 400)
                      ; - java.security.ProtectionDomain$JavaSecurityAccessImpl::doIntersectionPrivilege@18 (line 87)
  0x00000173ede72720: 5cc9 3007 

  0x00000173ede72724: ;   {other}
  0x00000173ede72724: 0f1f 8400 | 1405 0005 

  0x00000173ede7272c: ;   {metadata(method data for {method} {0x0000017382436088} 'executePrivileged' '(Ljava/security/PrivilegedAction;Ljava/security/AccessControlContext;Ljava/lang/Class;)Ljava/lang/Object;' in 'java/security/AccessController')}
  0x00000173ede7272c: 48b8 2054 | 15c3 7301 | 0000 4883 | 8048 0200 

  0x00000173ede7273c: ;   {metadata(method data for {method} {0x0000017382037300} 'reachabilityFence' '(Ljava/lang/Object;)V' in 'java/lang/ref/Reference')}
  0x00000173ede7273c: 0001 48b8 | c09a 13c3 | 7301 0000 | 8b90 cc00 | 0000 83c2 | 0289 90cc | 0000 0081 | e2fe ff1f 
  0x00000173ede7275c: 0085 d20f | 845c 0100 

  0x00000173ede72764: ;   {metadata(method data for {method} {0x0000017382436088} 'executePrivileged' '(Ljava/security/PrivilegedAction;Ljava/security/AccessControlContext;Ljava/lang/Class;)Ljava/lang/Object;' in 'java/security/AccessController')}
  0x00000173ede72764: 0048 b820 | 5415 c373 | 0100 0048 | 8380 5802 

  0x00000173ede72774: ;   {metadata(method data for {method} {0x0000017382037300} 'reachabilityFence' '(Ljava/lang/Object;)V' in 'java/lang/ref/Reference')}
  0x00000173ede72774: 0000 0148 | b8c0 9a13 | c373 0100 | 008b 90cc | 0000 0083 | c202 8990 | cc00 0000 | 81e2 feff 
  0x00000173ede72794: 1f00 85d2 | 0f84 4401 | 0000 488b | 8424 8000 | 0000 4881 | c4a0 0000 

  0x00000173ede727ac: ;   {poll_return}
  0x00000173ede727ac: 005d 493b | a758 0400 | 000f 8748 | 0100 00c3 | 0f1f 4000 

  0x00000173ede727c0: ;   {no_reloc}
  0x00000173ede727c0: e963 0100 | 0000 0000 | 0000 498b | 87b8 0100 | 0048 8d78 | 3049 3bbf | c801 0000 | 0f87 5001 
  0x00000173ede727e0: 0000 4989 | bfb8 0100 | 0048 c700 | 0100 0000 | 488b ca49 | ba00 0000 | 8273 0100 | 0049 2bca 
  0x00000173ede72800: 8948 0848 | 33c9 8948 | 0c48 33c9 | 4889 4810 | 4889 4818 | 4889 4820 | 4889 4828 

  0x00000173ede7281c: ;   {metadata(method data for {method} {0x00000173820ea978} 'doIntersectionPrivilege' '(Ljava/security/PrivilegedAction;Ljava/security/AccessControlContext;Ljava/security/AccessControlContext;)Ljava/lang/Object;' in 'java/security/ProtectionDomain$JavaSecurityAccessImpl')}
  0x00000173ede7281c: 488b d048 | be50 d19b | c373 0100 | 0048 8386 | 3801 0000 | 0148 8bd0 | 4889 8424 | 8800 0000 
  0x00000173ede7283c: ;   {optimized virtual_call}
  0x00000173ede7283c: 6666 90e8 

  0x00000173ede72840: ; ImmutableOopMap {[136]=Oop }
                      ;*invokespecial <init> {reexecute=0 rethrow=0 return_oop=0}
                      ; - java.security.ProtectionDomain$JavaSecurityAccessImpl::doIntersectionPrivilege@8 (line 84)
  0x00000173ede72840: 3cc2 3007 

  0x00000173ede72844: ;   {other}
  0x00000173ede72844: 0f1f 8400 | 3406 0006 | 488b 8424 | 8800 0000 | e903 0100 

  0x00000173ede72858: ;   {metadata({method} {0x00000173820ea978} 'doIntersectionPrivilege' '(Ljava/security/PrivilegedAction;Ljava/security/AccessControlContext;Ljava/security/AccessControlContext;)Ljava/lang/Object;' in 'java/security/ProtectionDomain$JavaSecurityAccessImpl')}
  0x00000173ede72858: 0049 ba70 | a90e 8273 | 0100 004c | 8954 2408 | 48c7 0424 | ffff ffff 

  0x00000173ede72870: ;   {runtime_call counter_overflow Runtime1 stub}
  0x00000173ede72870: e80b 623d 

  0x00000173ede72874: ; ImmutableOopMap {rdx=Oop r8=Oop r9=Oop rdi=Oop }
                      ;*synchronization entry
                      ; - java.security.ProtectionDomain$JavaSecurityAccessImpl::doIntersectionPrivilege@-1 (line 83)
  0x00000173ede72874: 07e9 2cfc 

  0x00000173ede72878: ;   {metadata({method} {0x0000017382435e00} 'doPrivileged' '(Ljava/security/PrivilegedAction;Ljava/security/AccessControlContext;)Ljava/lang/Object;' in 'java/security/AccessController')}
  0x00000173ede72878: ffff 49ba | f85d 4382 | 7301 0000 | 4c89 5424 | 0848 c704 | 24ff ffff 

  0x00000173ede72890: ;   {runtime_call counter_overflow Runtime1 stub}
  0x00000173ede72890: ffe8 ea61 

  0x00000173ede72894: ; ImmutableOopMap {rax=Oop [96]=Oop }
                      ;*synchronization entry
                      ; - java.security.AccessController::doPrivileged@-1 (line 398)
                      ; - java.security.ProtectionDomain$JavaSecurityAccessImpl::doIntersectionPrivilege@18 (line 87)
  0x00000173ede72894: 3d07 e9a2 

  0x00000173ede72898: ;   {metadata({method} {0x0000017382436088} 'executePrivileged' '(Ljava/security/PrivilegedAction;Ljava/security/AccessControlContext;Ljava/lang/Class;)Ljava/lang/Object;' in 'java/security/AccessController')}
  0x00000173ede72898: fcff ff49 | ba80 6043 | 8273 0100 | 004c 8954 | 2408 48c7 | 0424 ffff 

  0x00000173ede728b0: ;   {runtime_call counter_overflow Runtime1 stub}
  0x00000173ede728b0: ffff e8c9 

  0x00000173ede728b4: ; ImmutableOopMap {rax=Oop [96]=Oop [112]=Oop [120]=Oop }
                      ;*synchronization entry
                      ; - java.security.AccessController::executePrivileged@-1 (line 773)
                      ; - java.security.AccessController::doPrivileged@13 (line 400)
                      ; - java.security.ProtectionDomain$JavaSecurityAccessImpl::doIntersectionPrivilege@18 (line 87)
  0x00000173ede728b4: 613d 07e9 | 16fd ffff 

  0x00000173ede728bc: ;   {runtime_call throw_null_pointer_exception Runtime1 stub}
  0x00000173ede728bc: e83f e73c 

  0x00000173ede728c0: ; ImmutableOopMap {r8=Oop [112]=Oop [120]=Oop }
                      ;*invokeinterface run {reexecute=0 rethrow=0 return_oop=0}
                      ; - java.security.AccessController::executePrivileged@29 (line 778)
                      ; - java.security.AccessController::doPrivileged@13 (line 400)
                      ; - java.security.ProtectionDomain$JavaSecurityAccessImpl::doIntersectionPrivilege@18 (line 87)
                      ;   {metadata({method} {0x0000017382037300} 'reachabilityFence' '(Ljava/lang/Object;)V' in 'java/lang/ref/Reference')}
  0x00000173ede728c0: 0749 baf8 | 7203 8273 | 0100 004c | 8954 2408 | 48c7 0424 | ffff ffff 

  0x00000173ede728d8: ;   {runtime_call counter_overflow Runtime1 stub}
  0x00000173ede728d8: e8a3 613d 

  0x00000173ede728dc: ; ImmutableOopMap {[112]=Oop [128]=Oop }
                      ;*synchronization entry
                      ; - java.lang.ref.Reference::reachabilityFence@-1 (line 628)
                      ; - java.security.AccessController::executePrivileged@60 (line 790)
                      ; - java.security.AccessController::doPrivileged@13 (line 400)
                      ; - java.security.ProtectionDomain$JavaSecurityAccessImpl::doIntersectionPrivilege@18 (line 87)
  0x00000173ede728dc: 07e9 83fe 

  0x00000173ede728e0: ;   {metadata({method} {0x0000017382037300} 'reachabilityFence' '(Ljava/lang/Object;)V' in 'java/lang/ref/Reference')}
  0x00000173ede728e0: ffff 49ba | f872 0382 | 7301 0000 | 4c89 5424 | 0848 c704 | 24ff ffff 

  0x00000173ede728f8: ;   {runtime_call counter_overflow Runtime1 stub}
  0x00000173ede728f8: ffe8 8261 

  0x00000173ede728fc: ; ImmutableOopMap {[128]=Oop }
                      ;*synchronization entry
                      ; - java.lang.ref.Reference::reachabilityFence@-1 (line 628)
                      ; - java.security.AccessController::executePrivileged@64 (line 791)
                      ; - java.security.AccessController::doPrivileged@13 (line 400)
                      ; - java.security.ProtectionDomain$JavaSecurityAccessImpl::doIntersectionPrivilege@18 (line 87)
  0x00000173ede728fc: 3d07 e99b 

  0x00000173ede72900: ;   {internal_word}
  0x00000173ede72900: feff ff49 | baae 27e7 | ed73 0100 | 004d 8997 | 7004 0000 

  0x00000173ede72914: ;   {runtime_call SafepointBlob}
  0x00000173ede72914: e9e7 2d31 

  0x00000173ede72918: ;   {metadata(nullptr)}
  0x00000173ede72918: 0748 ba00 | 0000 0000 | 0000 00b8 | 000f 050a 

  0x00000173ede72928: ;   {runtime_call load_klass_patching Runtime1 stub}
  0x00000173ede72928: e8d3 503d 

  0x00000173ede7292c: ; ImmutableOopMap {}
                      ;*new {reexecute=1 rethrow=0 return_oop=0}
                      ; - (reexecute) java.security.ProtectionDomain$JavaSecurityAccessImpl::doIntersectionPrivilege@4 (line 84)
  0x00000173ede7292c: 07e9 8efe | ffff 488b 

  0x00000173ede72934: ;   {runtime_call fast_new_instance Runtime1 stub}
  0x00000173ede72934: d2e8 c6ef 

  0x00000173ede72938: ; ImmutableOopMap {}
                      ;*new {reexecute=0 rethrow=0 return_oop=0}
                      ; - java.security.ProtectionDomain$JavaSecurityAccessImpl::doIntersectionPrivilege@4 (line 84)
  0x00000173ede72938: 3c07 e9dd | feff ff49 | 8b87 0805 | 0000 49c7 | 8708 0500 | 0000 0000 | 0049 c787 | 1005 0000 
  0x00000173ede72958: 0000 0000 | 4881 c4a0 | 0000 005d 

  0x00000173ede72964: ;   {runtime_call unwind_exception Runtime1 stub}
  0x00000173ede72964: e917 d33c | 07f4 f4f4 | f4f4 f4f4 
[Stub Code]
  0x00000173ede72970: ;   {no_reloc}
  0x00000173ede72970: 0f1f 4400 

  0x00000173ede72974: ;   {static_stub}
  0x00000173ede72974: 0048 bb00 | 0000 0000 

  0x00000173ede7297c: ;   {runtime_call}
  0x00000173ede7297c: 0000 00e9 | fbff ffff 

  0x00000173ede72984: ;   {static_stub}
  0x00000173ede72984: 48bb 0000 | 0000 0000 

  0x00000173ede7298c: ;   {runtime_call}
  0x00000173ede7298c: 0000 e9fb 

  0x00000173ede72990: ;   {static_stub}
  0x00000173ede72990: ffff ff48 | bb00 0000 | 0000 0000 

  0x00000173ede7299c: ;   {runtime_call}
  0x00000173ede7299c: 00e9 fbff 

  0x00000173ede729a0: ;   {static_stub}
  0x00000173ede729a0: ffff 48bb | 0000 0000 | 0000 0000 

  0x00000173ede729ac: ;   {runtime_call}
  0x00000173ede729ac: e9fb ffff 

  0x00000173ede729b0: ;   {static_stub}
  0x00000173ede729b0: ff48 bb00 | 0000 0000 

  0x00000173ede729b8: ;   {runtime_call}
  0x00000173ede729b8: 0000 00e9 | fbff ffff 

  0x00000173ede729c0: ;   {static_stub}
  0x00000173ede729c0: 48bb 0000 | 0000 0000 

  0x00000173ede729c8: ;   {runtime_call}
  0x00000173ede729c8: 0000 e9fb 

  0x00000173ede729cc: ;   {runtime_call handle_exception_from_callee Runtime1 stub}
  0x00000173ede729cc: ffff ffe8 | 2c16 3d07 

  0x00000173ede729d4: ;   {external_word}
  0x00000173ede729d4: 48b9 c028 | fd69 fa7f | 0000 4883 

  0x00000173ede729e0: ;   {runtime_call}
  0x00000173ede729e0: e4f0 48b8 | 3099 c469 | fa7f 0000 

  0x00000173ede729ec: ;   {section_word}
  0x00000173ede729ec: ffd0 f449 | baef 29e7 | ed73 0100 

  0x00000173ede729f8: ;   {runtime_call DeoptimizationBlob}
  0x00000173ede729f8: 0041 52e9 | a01f 3107 
[/MachCode]


---------------  P R O C E S S  ---------------

Threads class SMR info:
_java_thread_list=0x00000173c8fdf660, length=16, elements={
0x00000173ff88b290, 0x00000173ff88cd00, 0x00000173ff88ff90, 0x00000173ff890c70,
0x00000173ff8916d0, 0x00000173ff892130, 0x00000173ff8a8410, 0x00000173ff8aaae0,
0x00000173ff859860, 0x00000173c730d4d0, 0x00000173c730db40, 0x00000173c747d120,
0x00000173c74846e0, 0x00000173c7487c90, 0x00000173c8ab2890, 0x00000173c8df3ad0
}

Java Threads: ( => current thread )
  0x00000173ff88b290 JavaThread "Reference Handler"          daemon [_thread_blocked, id=14624, stack(0x0000006191800000,0x0000006191900000) (1024K)]
  0x00000173ff88cd00 JavaThread "Finalizer"                  daemon [_thread_blocked, id=8312, stack(0x0000006191900000,0x0000006191a00000) (1024K)]
  0x00000173ff88ff90 JavaThread "Signal Dispatcher"          daemon [_thread_blocked, id=8456, stack(0x0000006191a00000,0x0000006191b00000) (1024K)]
  0x00000173ff890c70 JavaThread "Attach Listener"            daemon [_thread_blocked, id=10120, stack(0x0000006191b00000,0x0000006191c00000) (1024K)]
  0x00000173ff8916d0 JavaThread "Service Thread"             daemon [_thread_blocked, id=7104, stack(0x0000006191c00000,0x0000006191d00000) (1024K)]
  0x00000173ff892130 JavaThread "Monitor Deflation Thread"   daemon [_thread_blocked, id=6968, stack(0x0000006191d00000,0x0000006191e00000) (1024K)]
  0x00000173ff8a8410 JavaThread "C2 CompilerThread0"         daemon [_thread_blocked, id=16348, stack(0x0000006191e00000,0x0000006191f00000) (1024K)]
  0x00000173ff8aaae0 JavaThread "C1 CompilerThread0"         daemon [_thread_blocked, id=5300, stack(0x0000006191f00000,0x0000006192000000) (1024K)]
  0x00000173ff859860 JavaThread "Common-Cleaner"             daemon [_thread_blocked, id=528, stack(0x0000006192000000,0x0000006192100000) (1024K)]
  0x00000173c730d4d0 JavaThread "Monitor Ctrl-Break"         daemon [_thread_in_native, id=10616, stack(0x0000006192100000,0x0000006192200000) (1024K)]
  0x00000173c730db40 JavaThread "Notification Thread"        daemon [_thread_blocked, id=11220, stack(0x0000006192200000,0x0000006192300000) (1024K)]
  0x00000173c747d120 JavaThread "Java2D Disposer"            daemon [_thread_blocked, id=15612, stack(0x0000006192300000,0x0000006192400000) (1024K)]
  0x00000173c74846e0 JavaThread "AWT-Shutdown"                      [_thread_blocked, id=11572, stack(0x0000006192400000,0x0000006192500000) (1024K)]
  0x00000173c7487c90 JavaThread "AWT-Windows"                daemon [_thread_in_native, id=8828, stack(0x0000006192500000,0x0000006192600000) (1024K)]
=>0x00000173c8ab2890 JavaThread "AWT-EventQueue-0"                  [_thread_in_native, id=1804, stack(0x0000006192700000,0x0000006192800000) (1024K)]
  0x00000173c8df3ad0 JavaThread "DestroyJavaVM"                     [_thread_blocked, id=15292, stack(0x0000006191000000,0x0000006191100000) (1024K)]
Total: 16

Other Threads:
  0x00000173ff86f0b0 VMThread "VM Thread"                           [id=14760, stack(0x0000006191700000,0x0000006191800000) (1024K)]
  0x00000173ff858c40 WatcherThread "VM Periodic Task Thread"        [id=32, stack(0x0000006191600000,0x0000006191700000) (1024K)]
  0x00000173e5915120 WorkerThread "GC Thread#0"                     [id=6840, stack(0x0000006191100000,0x0000006191200000) (1024K)]
  0x00000173c8a68f90 WorkerThread "GC Thread#1"                     [id=10284, stack(0x0000006192c00000,0x0000006192d00000) (1024K)]
  0x00000173c8d78310 WorkerThread "GC Thread#2"                     [id=3020, stack(0x0000006192d00000,0x0000006192e00000) (1024K)]
  0x00000173c8d786c0 WorkerThread "GC Thread#3"                     [id=11376, stack(0x0000006192e00000,0x0000006192f00000) (1024K)]
  0x00000173e5926ea0 ConcurrentGCThread "G1 Main Marker"            [id=13128, stack(0x0000006191200000,0x0000006191300000) (1024K)]
  0x00000173e59284d0 WorkerThread "G1 Conc#0"                       [id=6664, stack(0x0000006191300000,0x0000006191400000) (1024K)]
  0x00000173ff7175a0 ConcurrentGCThread "G1 Refine#0"               [id=15332, stack(0x0000006191400000,0x0000006191500000) (1024K)]
  0x00000173ff719de0 ConcurrentGCThread "G1 Service"                [id=7924, stack(0x0000006191500000,0x0000006191600000) (1024K)]
Total: 10

Threads with active compile tasks:
Total: 0

VM state: not at safepoint (normal execution)

VM Mutex/Monitor currently owned by a thread: None

Heap address: 0x0000000081a00000, size: 2022 MB, Compressed Oops mode: 32-bit

CDS archive(s) mapped at: [0x0000017382000000-0x0000017382c60000-0x0000017382c60000), size 12976128, SharedBaseAddress: 0x0000017382000000, ArchiveRelocationMode: 1.
Compressed class space mapped at: 0x0000017383000000-0x00000173c3000000, reserved size: 1073741824
Narrow klass base: 0x0000017382000000, Narrow klass shift: 0, Narrow klass range: 0x41000000

GC Precious Log:
 CardTable entry size: 512
 Card Set container configuration: InlinePtr #cards 5 size 8 Array Of Cards #cards 12 size 40 Howl #buckets 4 coarsen threshold 1843 Howl Bitmap #cards 512 size 80 coarsen threshold 460 Card regions per heap region 1 cards per card region 2048
 CPUs: 4 total, 4 available
 Memory: 8085M
 Large Page Support: Disabled
 NUMA Support: Disabled
 Compressed Oops: Enabled (32-bit)
 Heap Region Size: 1M
 Heap Min Capacity: 8M
 Heap Initial Capacity: 128M
 Heap Max Capacity: 2022M
 Pre-touch: Disabled
 Parallel Workers: 4
 Concurrent Workers: 1
 Concurrent Refinement Workers: 4
 Periodic GC: Disabled

Heap:
 garbage-first heap   total reserved 2070528K, committed 131072K, used 13568K [0x0000000081a00000, 0x0000000100000000)
  region size 1024K, 9 young (9216K), 2 survivors (2048K)
 Metaspace       used 10078K, committed 10304K, reserved 1114112K
  class space    used 1153K, committed 1280K, reserved 1048576K

Heap Regions: E=young(eden), S=young(survivor), O=old, HS=humongous(starts), HC=humongous(continues), CS=collection set, F=free, TAMS=top-at-mark-start, PB=parsable bottom
|   0|0x0000000081a00000, 0x0000000081b00000, 0x0000000081b00000|100%|HS|  |TAMS 0x0000000081a00000| PB 0x0000000081a00000| Complete |  0
|   1|0x0000000081b00000, 0x0000000081c00000, 0x0000000081c00000|100%|HC|  |TAMS 0x0000000081b00000| PB 0x0000000081b00000| Complete |  0
|   2|0x0000000081c00000, 0x0000000081d00000, 0x0000000081d00000|100%|HS|  |TAMS 0x0000000081c00000| PB 0x0000000081c00000| Complete |  0
|   3|0x0000000081d00000, 0x0000000081e00000, 0x0000000081e00000|100%|HC|  |TAMS 0x0000000081d00000| PB 0x0000000081d00000| Complete |  0
|   4|0x0000000081e00000, 0x0000000081f00000, 0x0000000081f00000|100%| O|  |TAMS 0x0000000081e00000| PB 0x0000000081e00000| Untracked |  0
|   5|0x0000000081f00000, 0x0000000082000000, 0x0000000082000000|100%| O|  |TAMS 0x0000000081f00000| PB 0x0000000081f00000| Untracked |  0
|   6|0x0000000082000000, 0x0000000082040000, 0x0000000082100000| 25%| O|  |TAMS 0x0000000082000000| PB 0x0000000082000000| Untracked |  0
|   7|0x0000000082100000, 0x0000000082100000, 0x0000000082200000|  0%| F|  |TAMS 0x0000000082100000| PB 0x0000000082100000| Untracked |  0
|   8|0x0000000082200000, 0x0000000082200000, 0x0000000082300000|  0%| F|  |TAMS 0x0000000082200000| PB 0x0000000082200000| Untracked |  0
|   9|0x0000000082300000, 0x0000000082300000, 0x0000000082400000|  0%| F|  |TAMS 0x0000000082300000| PB 0x0000000082300000| Untracked |  0
|  10|0x0000000082400000, 0x0000000082400000, 0x0000000082500000|  0%| F|  |TAMS 0x0000000082400000| PB 0x0000000082400000| Untracked |  0
|  11|0x0000000082500000, 0x0000000082500000, 0x0000000082600000|  0%| F|  |TAMS 0x0000000082500000| PB 0x0000000082500000| Untracked |  0
|  12|0x0000000082600000, 0x0000000082600000, 0x0000000082700000|  0%| F|  |TAMS 0x0000000082600000| PB 0x0000000082600000| Untracked |  0
|  13|0x0000000082700000, 0x0000000082700000, 0x0000000082800000|  0%| F|  |TAMS 0x0000000082700000| PB 0x0000000082700000| Untracked |  0
|  14|0x0000000082800000, 0x0000000082800000, 0x0000000082900000|  0%| F|  |TAMS 0x0000000082800000| PB 0x0000000082800000| Untracked |  0
|  15|0x0000000082900000, 0x0000000082900000, 0x0000000082a00000|  0%| F|  |TAMS 0x0000000082900000| PB 0x0000000082900000| Untracked |  0
|  16|0x0000000082a00000, 0x0000000082a00000, 0x0000000082b00000|  0%| F|  |TAMS 0x0000000082a00000| PB 0x0000000082a00000| Untracked |  0
|  17|0x0000000082b00000, 0x0000000082b00000, 0x0000000082c00000|  0%| F|  |TAMS 0x0000000082b00000| PB 0x0000000082b00000| Untracked |  0
|  18|0x0000000082c00000, 0x0000000082c00000, 0x0000000082d00000|  0%| F|  |TAMS 0x0000000082c00000| PB 0x0000000082c00000| Untracked |  0
|  19|0x0000000082d00000, 0x0000000082d00000, 0x0000000082e00000|  0%| F|  |TAMS 0x0000000082d00000| PB 0x0000000082d00000| Untracked |  0
|  20|0x0000000082e00000, 0x0000000082e00000, 0x0000000082f00000|  0%| F|  |TAMS 0x0000000082e00000| PB 0x0000000082e00000| Untracked |  0
|  21|0x0000000082f00000, 0x0000000082f00000, 0x0000000083000000|  0%| F|  |TAMS 0x0000000082f00000| PB 0x0000000082f00000| Untracked |  0
|  22|0x0000000083000000, 0x0000000083000000, 0x0000000083100000|  0%| F|  |TAMS 0x0000000083000000| PB 0x0000000083000000| Untracked |  0
|  23|0x0000000083100000, 0x0000000083100000, 0x0000000083200000|  0%| F|  |TAMS 0x0000000083100000| PB 0x0000000083100000| Untracked |  0
|  24|0x0000000083200000, 0x0000000083200000, 0x0000000083300000|  0%| F|  |TAMS 0x0000000083200000| PB 0x0000000083200000| Untracked |  0
|  25|0x0000000083300000, 0x0000000083300000, 0x0000000083400000|  0%| F|  |TAMS 0x0000000083300000| PB 0x0000000083300000| Untracked |  0
|  26|0x0000000083400000, 0x0000000083400000, 0x0000000083500000|  0%| F|  |TAMS 0x0000000083400000| PB 0x0000000083400000| Untracked |  0
|  27|0x0000000083500000, 0x0000000083500000, 0x0000000083600000|  0%| F|  |TAMS 0x0000000083500000| PB 0x0000000083500000| Untracked |  0
|  28|0x0000000083600000, 0x0000000083600000, 0x0000000083700000|  0%| F|  |TAMS 0x0000000083600000| PB 0x0000000083600000| Untracked |  0
|  29|0x0000000083700000, 0x0000000083700000, 0x0000000083800000|  0%| F|  |TAMS 0x0000000083700000| PB 0x0000000083700000| Untracked |  0
|  30|0x0000000083800000, 0x0000000083800000, 0x0000000083900000|  0%| F|  |TAMS 0x0000000083800000| PB 0x0000000083800000| Untracked |  0
|  31|0x0000000083900000, 0x0000000083900000, 0x0000000083a00000|  0%| F|  |TAMS 0x0000000083900000| PB 0x0000000083900000| Untracked |  0
|  32|0x0000000083a00000, 0x0000000083a00000, 0x0000000083b00000|  0%| F|  |TAMS 0x0000000083a00000| PB 0x0000000083a00000| Untracked |  0
|  33|0x0000000083b00000, 0x0000000083b00000, 0x0000000083c00000|  0%| F|  |TAMS 0x0000000083b00000| PB 0x0000000083b00000| Untracked |  0
|  34|0x0000000083c00000, 0x0000000083c00000, 0x0000000083d00000|  0%| F|  |TAMS 0x0000000083c00000| PB 0x0000000083c00000| Untracked |  0
|  35|0x0000000083d00000, 0x0000000083d00000, 0x0000000083e00000|  0%| F|  |TAMS 0x0000000083d00000| PB 0x0000000083d00000| Untracked |  0
|  36|0x0000000083e00000, 0x0000000083e00000, 0x0000000083f00000|  0%| F|  |TAMS 0x0000000083e00000| PB 0x0000000083e00000| Untracked |  0
|  37|0x0000000083f00000, 0x0000000083f00000, 0x0000000084000000|  0%| F|  |TAMS 0x0000000083f00000| PB 0x0000000083f00000| Untracked |  0
|  38|0x0000000084000000, 0x0000000084000000, 0x0000000084100000|  0%| F|  |TAMS 0x0000000084000000| PB 0x0000000084000000| Untracked |  0
|  39|0x0000000084100000, 0x0000000084100000, 0x0000000084200000|  0%| F|  |TAMS 0x0000000084100000| PB 0x0000000084100000| Untracked |  0
|  40|0x0000000084200000, 0x0000000084200000, 0x0000000084300000|  0%| F|  |TAMS 0x0000000084200000| PB 0x0000000084200000| Untracked |  0
|  41|0x0000000084300000, 0x0000000084300000, 0x0000000084400000|  0%| F|  |TAMS 0x0000000084300000| PB 0x0000000084300000| Untracked |  0
|  42|0x0000000084400000, 0x0000000084400000, 0x0000000084500000|  0%| F|  |TAMS 0x0000000084400000| PB 0x0000000084400000| Untracked |  0
|  43|0x0000000084500000, 0x0000000084500000, 0x0000000084600000|  0%| F|  |TAMS 0x0000000084500000| PB 0x0000000084500000| Untracked |  0
|  44|0x0000000084600000, 0x0000000084600000, 0x0000000084700000|  0%| F|  |TAMS 0x0000000084600000| PB 0x0000000084600000| Untracked |  0
|  45|0x0000000084700000, 0x0000000084700000, 0x0000000084800000|  0%| F|  |TAMS 0x0000000084700000| PB 0x0000000084700000| Untracked |  0
|  46|0x0000000084800000, 0x0000000084800000, 0x0000000084900000|  0%| F|  |TAMS 0x0000000084800000| PB 0x0000000084800000| Untracked |  0
|  47|0x0000000084900000, 0x0000000084900000, 0x0000000084a00000|  0%| F|  |TAMS 0x0000000084900000| PB 0x0000000084900000| Untracked |  0
|  48|0x0000000084a00000, 0x0000000084a00000, 0x0000000084b00000|  0%| F|  |TAMS 0x0000000084a00000| PB 0x0000000084a00000| Untracked |  0
|  49|0x0000000084b00000, 0x0000000084b00000, 0x0000000084c00000|  0%| F|  |TAMS 0x0000000084b00000| PB 0x0000000084b00000| Untracked |  0
|  50|0x0000000084c00000, 0x0000000084c00000, 0x0000000084d00000|  0%| F|  |TAMS 0x0000000084c00000| PB 0x0000000084c00000| Untracked |  0
|  51|0x0000000084d00000, 0x0000000084d00000, 0x0000000084e00000|  0%| F|  |TAMS 0x0000000084d00000| PB 0x0000000084d00000| Untracked |  0
|  52|0x0000000084e00000, 0x0000000084e00000, 0x0000000084f00000|  0%| F|  |TAMS 0x0000000084e00000| PB 0x0000000084e00000| Untracked |  0
|  53|0x0000000084f00000, 0x0000000084f00000, 0x0000000085000000|  0%| F|  |TAMS 0x0000000084f00000| PB 0x0000000084f00000| Untracked |  0
|  54|0x0000000085000000, 0x0000000085000000, 0x0000000085100000|  0%| F|  |TAMS 0x0000000085000000| PB 0x0000000085000000| Untracked |  0
|  55|0x0000000085100000, 0x0000000085100000, 0x0000000085200000|  0%| F|  |TAMS 0x0000000085100000| PB 0x0000000085100000| Untracked |  0
|  56|0x0000000085200000, 0x0000000085200000, 0x0000000085300000|  0%| F|  |TAMS 0x0000000085200000| PB 0x0000000085200000| Untracked |  0
|  57|0x0000000085300000, 0x0000000085300000, 0x0000000085400000|  0%| F|  |TAMS 0x0000000085300000| PB 0x0000000085300000| Untracked |  0
|  58|0x0000000085400000, 0x0000000085400000, 0x0000000085500000|  0%| F|  |TAMS 0x0000000085400000| PB 0x0000000085400000| Untracked |  0
|  59|0x0000000085500000, 0x0000000085500000, 0x0000000085600000|  0%| F|  |TAMS 0x0000000085500000| PB 0x0000000085500000| Untracked |  0
|  60|0x0000000085600000, 0x0000000085600000, 0x0000000085700000|  0%| F|  |TAMS 0x0000000085600000| PB 0x0000000085600000| Untracked |  0
|  61|0x0000000085700000, 0x0000000085700000, 0x0000000085800000|  0%| F|  |TAMS 0x0000000085700000| PB 0x0000000085700000| Untracked |  0
|  62|0x0000000085800000, 0x0000000085800000, 0x0000000085900000|  0%| F|  |TAMS 0x0000000085800000| PB 0x0000000085800000| Untracked |  0
|  63|0x0000000085900000, 0x0000000085900000, 0x0000000085a00000|  0%| F|  |TAMS 0x0000000085900000| PB 0x0000000085900000| Untracked |  0
|  64|0x0000000085a00000, 0x0000000085a00000, 0x0000000085b00000|  0%| F|  |TAMS 0x0000000085a00000| PB 0x0000000085a00000| Untracked |  0
|  65|0x0000000085b00000, 0x0000000085b00000, 0x0000000085c00000|  0%| F|  |TAMS 0x0000000085b00000| PB 0x0000000085b00000| Untracked |  0
|  66|0x0000000085c00000, 0x0000000085c00000, 0x0000000085d00000|  0%| F|  |TAMS 0x0000000085c00000| PB 0x0000000085c00000| Untracked |  0
|  67|0x0000000085d00000, 0x0000000085d00000, 0x0000000085e00000|  0%| F|  |TAMS 0x0000000085d00000| PB 0x0000000085d00000| Untracked |  0
|  68|0x0000000085e00000, 0x0000000085e00000, 0x0000000085f00000|  0%| F|  |TAMS 0x0000000085e00000| PB 0x0000000085e00000| Untracked |  0
|  69|0x0000000085f00000, 0x0000000085f00000, 0x0000000086000000|  0%| F|  |TAMS 0x0000000085f00000| PB 0x0000000085f00000| Untracked |  0
|  70|0x0000000086000000, 0x0000000086000000, 0x0000000086100000|  0%| F|  |TAMS 0x0000000086000000| PB 0x0000000086000000| Untracked |  0
|  71|0x0000000086100000, 0x0000000086100000, 0x0000000086200000|  0%| F|  |TAMS 0x0000000086100000| PB 0x0000000086100000| Untracked |  0
|  72|0x0000000086200000, 0x0000000086200000, 0x0000000086300000|  0%| F|  |TAMS 0x0000000086200000| PB 0x0000000086200000| Untracked |  0
|  73|0x0000000086300000, 0x0000000086300000, 0x0000000086400000|  0%| F|  |TAMS 0x0000000086300000| PB 0x0000000086300000| Untracked |  0
|  74|0x0000000086400000, 0x0000000086400000, 0x0000000086500000|  0%| F|  |TAMS 0x0000000086400000| PB 0x0000000086400000| Untracked |  0
|  75|0x0000000086500000, 0x0000000086500000, 0x0000000086600000|  0%| F|  |TAMS 0x0000000086500000| PB 0x0000000086500000| Untracked |  0
|  76|0x0000000086600000, 0x0000000086600000, 0x0000000086700000|  0%| F|  |TAMS 0x0000000086600000| PB 0x0000000086600000| Untracked |  0
|  77|0x0000000086700000, 0x0000000086700000, 0x0000000086800000|  0%| F|  |TAMS 0x0000000086700000| PB 0x0000000086700000| Untracked |  0
|  78|0x0000000086800000, 0x0000000086800000, 0x0000000086900000|  0%| F|  |TAMS 0x0000000086800000| PB 0x0000000086800000| Untracked |  0
|  79|0x0000000086900000, 0x0000000086900000, 0x0000000086a00000|  0%| F|  |TAMS 0x0000000086900000| PB 0x0000000086900000| Untracked |  0
|  80|0x0000000086a00000, 0x0000000086a00000, 0x0000000086b00000|  0%| F|  |TAMS 0x0000000086a00000| PB 0x0000000086a00000| Untracked |  0
|  81|0x0000000086b00000, 0x0000000086b00000, 0x0000000086c00000|  0%| F|  |TAMS 0x0000000086b00000| PB 0x0000000086b00000| Untracked |  0
|  82|0x0000000086c00000, 0x0000000086c00000, 0x0000000086d00000|  0%| F|  |TAMS 0x0000000086c00000| PB 0x0000000086c00000| Untracked |  0
|  83|0x0000000086d00000, 0x0000000086d00000, 0x0000000086e00000|  0%| F|  |TAMS 0x0000000086d00000| PB 0x0000000086d00000| Untracked |  0
|  84|0x0000000086e00000, 0x0000000086e00000, 0x0000000086f00000|  0%| F|  |TAMS 0x0000000086e00000| PB 0x0000000086e00000| Untracked |  0
|  85|0x0000000086f00000, 0x0000000086f00000, 0x0000000087000000|  0%| F|  |TAMS 0x0000000086f00000| PB 0x0000000086f00000| Untracked |  0
|  86|0x0000000087000000, 0x0000000087000000, 0x0000000087100000|  0%| F|  |TAMS 0x0000000087000000| PB 0x0000000087000000| Untracked |  0
|  87|0x0000000087100000, 0x0000000087100000, 0x0000000087200000|  0%| F|  |TAMS 0x0000000087100000| PB 0x0000000087100000| Untracked |  0
|  88|0x0000000087200000, 0x0000000087200000, 0x0000000087300000|  0%| F|  |TAMS 0x0000000087200000| PB 0x0000000087200000| Untracked |  0
|  89|0x0000000087300000, 0x0000000087300000, 0x0000000087400000|  0%| F|  |TAMS 0x0000000087300000| PB 0x0000000087300000| Untracked |  0
|  90|0x0000000087400000, 0x0000000087400000, 0x0000000087500000|  0%| F|  |TAMS 0x0000000087400000| PB 0x0000000087400000| Untracked |  0
|  91|0x0000000087500000, 0x0000000087500000, 0x0000000087600000|  0%| F|  |TAMS 0x0000000087500000| PB 0x0000000087500000| Untracked |  0
|  92|0x0000000087600000, 0x0000000087600000, 0x0000000087700000|  0%| F|  |TAMS 0x0000000087600000| PB 0x0000000087600000| Untracked |  0
|  93|0x0000000087700000, 0x0000000087700000, 0x0000000087800000|  0%| F|  |TAMS 0x0000000087700000| PB 0x0000000087700000| Untracked |  0
|  94|0x0000000087800000, 0x0000000087800000, 0x0000000087900000|  0%| F|  |TAMS 0x0000000087800000| PB 0x0000000087800000| Untracked |  0
|  95|0x0000000087900000, 0x0000000087900000, 0x0000000087a00000|  0%| F|  |TAMS 0x0000000087900000| PB 0x0000000087900000| Untracked |  0
|  96|0x0000000087a00000, 0x0000000087a00000, 0x0000000087b00000|  0%| F|  |TAMS 0x0000000087a00000| PB 0x0000000087a00000| Untracked |  0
|  97|0x0000000087b00000, 0x0000000087b00000, 0x0000000087c00000|  0%| F|  |TAMS 0x0000000087b00000| PB 0x0000000087b00000| Untracked |  0
|  98|0x0000000087c00000, 0x0000000087c00000, 0x0000000087d00000|  0%| F|  |TAMS 0x0000000087c00000| PB 0x0000000087c00000| Untracked |  0
|  99|0x0000000087d00000, 0x0000000087d00000, 0x0000000087e00000|  0%| F|  |TAMS 0x0000000087d00000| PB 0x0000000087d00000| Untracked |  0
| 100|0x0000000087e00000, 0x0000000087e00000, 0x0000000087f00000|  0%| F|  |TAMS 0x0000000087e00000| PB 0x0000000087e00000| Untracked |  0
| 101|0x0000000087f00000, 0x0000000087f00000, 0x0000000088000000|  0%| F|  |TAMS 0x0000000087f00000| PB 0x0000000087f00000| Untracked |  0
| 102|0x0000000088000000, 0x0000000088000000, 0x0000000088100000|  0%| F|  |TAMS 0x0000000088000000| PB 0x0000000088000000| Untracked |  0
| 103|0x0000000088100000, 0x0000000088100000, 0x0000000088200000|  0%| F|  |TAMS 0x0000000088100000| PB 0x0000000088100000| Untracked |  0
| 104|0x0000000088200000, 0x0000000088200000, 0x0000000088300000|  0%| F|  |TAMS 0x0000000088200000| PB 0x0000000088200000| Untracked |  0
| 105|0x0000000088300000, 0x0000000088300000, 0x0000000088400000|  0%| F|  |TAMS 0x0000000088300000| PB 0x0000000088300000| Untracked |  0
| 106|0x0000000088400000, 0x0000000088400000, 0x0000000088500000|  0%| F|  |TAMS 0x0000000088400000| PB 0x0000000088400000| Untracked |  0
| 107|0x0000000088500000, 0x0000000088500000, 0x0000000088600000|  0%| F|  |TAMS 0x0000000088500000| PB 0x0000000088500000| Untracked |  0
| 108|0x0000000088600000, 0x0000000088600000, 0x0000000088700000|  0%| F|  |TAMS 0x0000000088600000| PB 0x0000000088600000| Untracked |  0
| 109|0x0000000088700000, 0x0000000088700000, 0x0000000088800000|  0%| F|  |TAMS 0x0000000088700000| PB 0x0000000088700000| Untracked |  0
| 110|0x0000000088800000, 0x0000000088800000, 0x0000000088900000|  0%| F|  |TAMS 0x0000000088800000| PB 0x0000000088800000| Untracked |  0
| 111|0x0000000088900000, 0x0000000088900000, 0x0000000088a00000|  0%| F|  |TAMS 0x0000000088900000| PB 0x0000000088900000| Untracked |  0
| 112|0x0000000088a00000, 0x0000000088b00000, 0x0000000088b00000|100%| S|CS|TAMS 0x0000000088a00000| PB 0x0000000088a00000| Complete |  0
| 113|0x0000000088b00000, 0x0000000088c00000, 0x0000000088c00000|100%| S|CS|TAMS 0x0000000088b00000| PB 0x0000000088b00000| Complete |  0
| 114|0x0000000088c00000, 0x0000000088c00000, 0x0000000088d00000|  0%| F|  |TAMS 0x0000000088c00000| PB 0x0000000088c00000| Untracked |  0
| 115|0x0000000088d00000, 0x0000000088d00000, 0x0000000088e00000|  0%| F|  |TAMS 0x0000000088d00000| PB 0x0000000088d00000| Untracked |  0
| 116|0x0000000088e00000, 0x0000000088e00000, 0x0000000088f00000|  0%| F|  |TAMS 0x0000000088e00000| PB 0x0000000088e00000| Untracked |  0
| 117|0x0000000088f00000, 0x0000000088f00000, 0x0000000089000000|  0%| F|  |TAMS 0x0000000088f00000| PB 0x0000000088f00000| Untracked |  0
| 118|0x0000000089000000, 0x0000000089000000, 0x0000000089100000|  0%| F|  |TAMS 0x0000000089000000| PB 0x0000000089000000| Untracked |  0
| 119|0x0000000089100000, 0x0000000089100000, 0x0000000089200000|  0%| F|  |TAMS 0x0000000089100000| PB 0x0000000089100000| Untracked |  0
| 120|0x0000000089200000, 0x0000000089200000, 0x0000000089300000|  0%| F|  |TAMS 0x0000000089200000| PB 0x0000000089200000| Untracked |  0
| 121|0x0000000089300000, 0x000000008937e6e8, 0x0000000089400000| 49%| E|  |TAMS 0x0000000089300000| PB 0x0000000089300000| Complete |  0
| 122|0x0000000089400000, 0x0000000089500000, 0x0000000089500000|100%| E|CS|TAMS 0x0000000089400000| PB 0x0000000089400000| Complete |  0
| 123|0x0000000089500000, 0x0000000089600000, 0x0000000089600000|100%| E|  |TAMS 0x0000000089500000| PB 0x0000000089500000| Complete |  0
| 124|0x0000000089600000, 0x0000000089700000, 0x0000000089700000|100%| E|CS|TAMS 0x0000000089600000| PB 0x0000000089600000| Complete |  0
| 125|0x0000000089700000, 0x0000000089800000, 0x0000000089800000|100%| E|CS|TAMS 0x0000000089700000| PB 0x0000000089700000| Complete |  0
| 126|0x0000000089800000, 0x0000000089900000, 0x0000000089900000|100%| E|CS|TAMS 0x0000000089800000| PB 0x0000000089800000| Complete |  0
| 127|0x0000000089900000, 0x0000000089a00000, 0x0000000089a00000|100%| E|CS|TAMS 0x0000000089900000| PB 0x0000000089900000| Complete |  0

Card table byte_map: [0x00000173fd000000,0x00000173fd400000] _byte_map_base: 0x00000173fcbf3000

Marking Bits: (CMBitMap*) 0x00000173e5916750
 Bits: [0x00000173fd400000, 0x00000173ff398000)

Polling page: 0x00000173e5040000

Metaspace:

Usage:
  Non-class:      8.72 MB used.
      Class:      1.13 MB used.
       Both:      9.84 MB used.

Virtual space:
  Non-class space:       64.00 MB reserved,       8.81 MB ( 14%) committed,  1 nodes.
      Class space:        1.00 GB reserved,       1.25 MB ( <1%) committed,  1 nodes.
             Both:        1.06 GB reserved,      10.06 MB ( <1%) committed. 

Chunk freelists:
   Non-Class:  6.97 MB
       Class:  14.74 MB
        Both:  21.71 MB

MaxMetaspaceSize: unlimited
CompressedClassSpaceSize: 1.00 GB
Initial GC threshold: 21.00 MB
Current GC threshold: 21.00 MB
CDS: on
 - commit_granule_bytes: 65536.
 - commit_granule_words: 8192.
 - virtual_space_node_default_size: 8388608.
 - enlarge_chunks_in_place: 1.
 - use_allocation_guard: 0.


Internal statistics:

num_allocs_failed_limit: 0.
num_arena_births: 168.
num_arena_deaths: 0.
num_vsnodes_births: 2.
num_vsnodes_deaths: 0.
num_space_committed: 161.
num_space_uncommitted: 0.
num_chunks_returned_to_freelist: 0.
num_chunks_taken_from_freelist: 220.
num_chunk_merges: 0.
num_chunk_splits: 126.
num_chunks_enlarged: 50.
num_inconsistent_stats: 0.

CodeHeap 'non-profiled nmethods': size=120000Kb used=493Kb max_used=493Kb free=119506Kb
 bounds [0x00000173f56d0000, 0x00000173f5940000, 0x00000173fcc00000]
CodeHeap 'profiled nmethods': size=120000Kb used=2509Kb max_used=2509Kb free=117491Kb
 bounds [0x00000173edc00000, 0x00000173ede80000, 0x00000173f5130000]
CodeHeap 'non-nmethods': size=5760Kb used=1606Kb max_used=1650Kb free=4153Kb
 bounds [0x00000173f5130000, 0x00000173f53a0000, 0x00000173f56d0000]
 total_blobs=2127 nmethods=1464 adapters=568
 compilation: enabled
              stopped_count=0, restarted_count=0
 full_count=0

Compilation events (20 events):
Event: 1.938 Thread 0x00000173ff8a8410 1454       4       jdk.internal.logger.SurrogateLogger::defaultPlatformLevel (4 bytes)
Event: 1.939 Thread 0x00000173ff8a8410 nmethod 1454 0x00000173f574a690 code [0x00000173f574a800, 0x00000173f574a890]
Event: 1.979 Thread 0x00000173ff8aaae0 1455       1       java.awt.EventDispatchThread$1::evaluate (2 bytes)
Event: 1.979 Thread 0x00000173ff8aaae0 nmethod 1455 0x00000173f574a990 code [0x00000173f574ab20, 0x00000173f574abe8]
Event: 1.979 Thread 0x00000173ff8aaae0 1456  s    1       java.awt.EventDispatchThread::getEventQueue (5 bytes)
Event: 1.979 Thread 0x00000173ff8aaae0 nmethod 1456 0x00000173f574ac90 code [0x00000173f574ae20, 0x00000173f574afa8]
Event: 1.992 Thread 0x00000173ff8aaae0 1457       3       java.awt.Component::contains (7 bytes)
Event: 1.993 Thread 0x00000173ff8aaae0 nmethod 1457 0x00000173ede70190 code [0x00000173ede70340, 0x00000173ede70610]
Event: 2.012 Thread 0x00000173ff8aaae0 1458       3       java.util.EventObject::<init> (24 bytes)
Event: 2.012 Thread 0x00000173ff8aaae0 nmethod 1458 0x00000173ede70710 code [0x00000173ede708c0, 0x00000173ede70b78]
Event: 2.141 Thread 0x00000173ff8a8410 1459       4       sun.awt.AWTAutoShutdown::getInstance (4 bytes)
Event: 2.141 Thread 0x00000173ff8a8410 nmethod 1459 0x00000173f574b010 code [0x00000173f574b180, 0x00000173f574b1f0]
Event: 4.563 Thread 0x00000173ff8aaae0 1460       3       java.awt.GraphicsEnvironment::isHeadless (4 bytes)
Event: 4.565 Thread 0x00000173ff8aaae0 nmethod 1460 0x00000173ede70c90 code [0x00000173ede70ec0, 0x00000173ede71560]
Event: 4.565 Thread 0x00000173ff8aaae0 1461       3       java.awt.GraphicsEnvironment::getHeadlessProperty (22 bytes)
Event: 4.568 Thread 0x00000173ff8aaae0 nmethod 1461 0x00000173ede71790 code [0x00000173ede719a0, 0x00000173ede71fd8]
Event: 4.582 Thread 0x00000173ff8aaae0 1462       3       java.security.ProtectionDomain$JavaSecurityAccessImpl::doIntersectionPrivilege (22 bytes)
Event: 4.583 Thread 0x00000173ff8aaae0 nmethod 1462 0x00000173ede72210 code [0x00000173ede72440, 0x00000173ede72a00]
Event: 4.583 Thread 0x00000173ff8aaae0 1463       3       java.security.ProtectionDomain$JavaSecurityAccessImpl::getCombinedACC (30 bytes)
Event: 4.584 Thread 0x00000173ff8aaae0 nmethod 1463 0x00000173ede72c90 code [0x00000173ede72e60, 0x00000173ede73250]

GC Heap History (2 events):
Event: 1.270 GC heap before
{Heap before GC invocations=0 (full 0):
 garbage-first heap   total reserved 2070528K, committed 131072K, used 18432K [0x0000000081a00000, 0x0000000100000000)
  region size 1024K, 14 young (14336K), 0 survivors (0K)
 Metaspace       used 9559K, committed 9792K, reserved 1114112K
  class space    used 1100K, committed 1216K, reserved 1048576K
}
Event: 1.278 GC heap after
{Heap after GC invocations=1 (full 0):
 garbage-first heap   total reserved 2070528K, committed 131072K, used 8448K [0x0000000081a00000, 0x0000000100000000)
  region size 1024K, 2 young (2048K), 2 survivors (2048K)
 Metaspace       used 9559K, committed 9792K, reserved 1114112K
  class space    used 1100K, committed 1216K, reserved 1048576K
}

Dll operation events (13 events):
Event: 0.018 Loaded shared library C:\Program Files\Java\jdk-22\bin\java.dll
Event: 0.063 Loaded shared library C:\Program Files\Java\jdk-22\bin\jsvml.dll
Event: 0.130 Loaded shared library C:\Program Files\Java\jdk-22\bin\zip.dll
Event: 0.135 Loaded shared library C:\Program Files\Java\jdk-22\bin\instrument.dll
Event: 0.143 Loaded shared library C:\Program Files\Java\jdk-22\bin\net.dll
Event: 0.146 Loaded shared library C:\Program Files\Java\jdk-22\bin\nio.dll
Event: 0.150 Loaded shared library C:\Program Files\Java\jdk-22\bin\zip.dll
Event: 0.172 Loaded shared library C:\Program Files\JetBrains\IntelliJ IDEA Community Edition 2024.1.4\bin\breakgen64.dll
Event: 0.185 Loaded shared library C:\Program Files\Java\jdk-22\bin\extnet.dll
Event: 0.194 Loaded shared library C:\Program Files\Java\jdk-22\bin\jimage.dll
Event: 0.217 Loaded shared library C:\Program Files\Java\jdk-22\bin\awt.dll
Event: 0.834 Loaded shared library C:\Program Files\Java\jdk-22\bin\freetype.dll
Event: 0.836 Loaded shared library C:\Program Files\Java\jdk-22\bin\fontmanager.dll

Deoptimization events (20 events):
Event: 1.083 Thread 0x00000173ff890c70 Uncommon trap: trap_request=0xffffffde fr.pc=0x00000173f57146f8 relative=0x0000000000000318
Event: 1.083 Thread 0x00000173ff890c70 Uncommon trap: reason=class_check action=maybe_recompile pc=0x00000173f57146f8 method=java.util.HashMap.getNode(Ljava/lang/Object;)Ljava/util/HashMap$Node; @ 82 c2
Event: 1.083 Thread 0x00000173ff890c70 DEOPT PACKING pc=0x00000173f57146f8 sp=0x0000006191bfe860
Event: 1.083 Thread 0x00000173ff890c70 DEOPT UNPACKING pc=0x00000173f51846a2 sp=0x0000006191bfe7e0 mode 2
Event: 1.085 Thread 0x00000173ff890c70 Uncommon trap: trap_request=0xffffffde fr.pc=0x00000173f57146f8 relative=0x0000000000000318
Event: 1.085 Thread 0x00000173ff890c70 Uncommon trap: reason=class_check action=maybe_recompile pc=0x00000173f57146f8 method=java.util.HashMap.getNode(Ljava/lang/Object;)Ljava/util/HashMap$Node; @ 82 c2
Event: 1.085 Thread 0x00000173ff890c70 DEOPT PACKING pc=0x00000173f57146f8 sp=0x0000006191bfe860
Event: 1.085 Thread 0x00000173ff890c70 DEOPT UNPACKING pc=0x00000173f51846a2 sp=0x0000006191bfe7e0 mode 2
Event: 1.090 Thread 0x00000173ff890c70 Uncommon trap: trap_request=0xffffffde fr.pc=0x00000173f57146f8 relative=0x0000000000000318
Event: 1.090 Thread 0x00000173ff890c70 Uncommon trap: reason=class_check action=maybe_recompile pc=0x00000173f57146f8 method=java.util.HashMap.getNode(Ljava/lang/Object;)Ljava/util/HashMap$Node; @ 82 c2
Event: 1.090 Thread 0x00000173ff890c70 DEOPT PACKING pc=0x00000173f57146f8 sp=0x0000006191bfe860
Event: 1.090 Thread 0x00000173ff890c70 DEOPT UNPACKING pc=0x00000173f51846a2 sp=0x0000006191bfe7e0 mode 2
Event: 1.090 Thread 0x00000173ff890c70 Uncommon trap: trap_request=0xffffffde fr.pc=0x00000173f57146f8 relative=0x0000000000000318
Event: 1.090 Thread 0x00000173ff890c70 Uncommon trap: reason=class_check action=maybe_recompile pc=0x00000173f57146f8 method=java.util.HashMap.getNode(Ljava/lang/Object;)Ljava/util/HashMap$Node; @ 82 c2
Event: 1.090 Thread 0x00000173ff890c70 DEOPT PACKING pc=0x00000173f57146f8 sp=0x0000006191bfe860
Event: 1.090 Thread 0x00000173ff890c70 DEOPT UNPACKING pc=0x00000173f51846a2 sp=0x0000006191bfe7e0 mode 2
Event: 1.330 Thread 0x00000173c8ab2890 Uncommon trap: trap_request=0xffffff45 fr.pc=0x00000173f5737538 relative=0x00000000000003d8
Event: 1.330 Thread 0x00000173c8ab2890 Uncommon trap: reason=unstable_if action=reinterpret pc=0x00000173f5737538 method=java.lang.Character.isSurrogate(C)Z @ 3 c2
Event: 1.330 Thread 0x00000173c8ab2890 DEOPT PACKING pc=0x00000173f5737538 sp=0x00000061927fd0d0
Event: 1.330 Thread 0x00000173c8ab2890 DEOPT UNPACKING pc=0x00000173f51846a2 sp=0x00000061927fcfd8 mode 2

Classes loaded (20 events):
Event: 1.446 Loading class java/awt/KeyboardFocusManager$3
Event: 1.446 Loading class java/awt/KeyboardFocusManager$3 done
Event: 1.451 Loading class sun/awt/im/CompositionAreaHandler
Event: 1.451 Loading class sun/awt/im/CompositionAreaHandler done
Event: 1.451 Loading class java/text/AttributedString
Event: 1.452 Loading class java/text/AttributedString done
Event: 1.452 Loading class java/text/AttributedString$AttributedStringIterator
Event: 1.452 Loading class java/text/AttributedCharacterIterator
Event: 1.452 Loading class java/text/AttributedCharacterIterator done
Event: 1.452 Loading class java/text/AttributedString$AttributedStringIterator done
Event: 2.148 Loading class java/awt/LightweightDispatcher$2
Event: 2.148 Loading class java/awt/LightweightDispatcher$2 done
Event: 4.563 Loading class java/awt/KeyboardFocusManager$2
Event: 4.563 Loading class java/awt/KeyboardFocusManager$2 done
Event: 4.564 Loading class sun/awt/SunToolkit$1
Event: 4.564 Loading class sun/awt/SunToolkit$1 done
Event: 125.097 Loading class java/awt/desktop/SystemSleepListener
Event: 125.097 Loading class java/awt/desktop/SystemEventListener
Event: 125.097 Loading class java/awt/desktop/SystemEventListener done
Event: 125.097 Loading class java/awt/desktop/SystemSleepListener done

Classes unloaded (0 events):
No events

Classes redefined (0 events):
No events

Internal exceptions (16 events):
Event: 0.160 Thread 0x00000173e37ba600 Exception <a 'java/lang/NoSuchMethodError'{0x00000000897467a0}: 'void java.lang.invoke.DirectMethodHandle$Holder.invokeStatic(java.lang.Object, java.lang.Object, java.lang.Object)'> (0x00000000897467a0) 
thrown [s\open\src\hotspot\share\interpreter\linkResolver.cpp, line 774]
Event: 0.167 Thread 0x00000173e37ba600 Exception <a 'java/lang/NoSuchMethodError'{0x0000000089777a30}: 'java.lang.Object java.lang.invoke.Invokers$Holder.invokeExact_MT(java.lang.Object, java.lang.Object, java.lang.Object, java.lang.Object, java.lang.Object)'> (0x0000000089777a30) 
thrown [s\open\src\hotspot\share\interpreter\linkResolver.cpp, line 774]
Event: 0.188 Thread 0x00000173c730d4d0 Exception <a 'java/lang/NoSuchMethodError'{0x00000000897b19a0}: 'void java.lang.invoke.DirectMethodHandle$Holder.invokeStatic(java.lang.Object, java.lang.Object)'> (0x00000000897b19a0) 
thrown [s\open\src\hotspot\share\interpreter\linkResolver.cpp, line 774]
Event: 0.203 Thread 0x00000173e37ba600 Exception <a 'java/lang/ClassNotFoundException'{0x000000008979a170}: sun/awt/resources/spi/awtProvider> (0x000000008979a170) 
thrown [s\open\src\hotspot\share\classfile\systemDictionary.cpp, line 313]
Event: 0.233 Thread 0x00000173e37ba600 Exception <a 'java/io/FileNotFoundException'{0x00000000896330b0}> (0x00000000896330b0) 
thrown [s\open\src\hotspot\share\prims\jni.cpp, line 520]
Event: 0.245 Thread 0x00000173e37ba600 Exception <a 'java/io/FileNotFoundException'{0x0000000089661330}> (0x0000000089661330) 
thrown [s\open\src\hotspot\share\prims\jni.cpp, line 520]
Event: 0.366 Thread 0x00000173e37ba600 Exception <a 'java/lang/NoSuchMethodError'{0x0000000089567f80}: 'void java.lang.invoke.DirectMethodHandle$Holder.invokeSpecial(java.lang.Object, java.lang.Object, java.lang.Object)'> (0x0000000089567f80) 
thrown [s\open\src\hotspot\share\interpreter\linkResolver.cpp, line 774]
Event: 0.378 Thread 0x00000173e37ba600 Exception <a 'java/lang/NoSuchMethodError'{0x000000008958de10}: 'java.lang.Object java.lang.invoke.DirectMethodHandle$Holder.newInvokeSpecial(java.lang.Object, java.lang.Object, java.lang.Object, java.lang.Object, java.lang.Object)'> (0x000000008958de10) 
thrown [s\open\src\hotspot\share\interpreter\linkResolver.cpp, line 774]
Event: 0.388 Thread 0x00000173e37ba600 Exception <a 'java/lang/NoSuchMethodError'{0x00000000895ba778}: 'java.lang.Object java.lang.invoke.DirectMethodHandle$Holder.invokeStatic(java.lang.Object, int, java.lang.Object)'> (0x00000000895ba778) 
thrown [s\open\src\hotspot\share\interpreter\linkResolver.cpp, line 774]
Event: 0.424 Thread 0x00000173e37ba600 Exception <a 'java/lang/ClassNotFoundException'{0x000000008945cc98}: com/sun/swing/internal/plaf/metal/resources/spi/metalProvider> (0x000000008945cc98) 
thrown [s\open\src\hotspot\share\classfile\systemDictionary.cpp, line 313]
Event: 0.425 Thread 0x00000173e37ba600 Exception <a 'java/lang/ClassNotFoundException'{0x0000000089460c48}: com/sun/swing/internal/plaf/basic/resources/spi/basicProvider> (0x0000000089460c48) 
thrown [s\open\src\hotspot\share\classfile\systemDictionary.cpp, line 313]
Event: 0.441 Thread 0x00000173e37ba600 Exception <a 'java/lang/NoSuchMethodError'{0x000000008947d1e0}: 'int java.lang.invoke.Invokers$Holder.invokeExact_MT(java.lang.Object, java.lang.Object)'> (0x000000008947d1e0) 
thrown [s\open\src\hotspot\share\interpreter\linkResolver.cpp, line 774]
Event: 0.549 Thread 0x00000173c74c8210 Exception <a 'java/lang/NoSuchMethodError'{0x00000000892427f0}: 'java.lang.Object java.lang.invoke.DirectMethodHandle$Holder.newInvokeSpecial(java.lang.Object, java.lang.Object, java.lang.Object, int, int, int, int, int)'> (0x00000000892427f0) 
thrown [s\open\src\hotspot\share\interpreter\linkResolver.cpp, line 774]
Event: 0.827 Thread 0x00000173e37ba600 Exception <a 'java/lang/NoSuchMethodError'{0x000000008903c938}: 'void java.lang.invoke.DirectMethodHandle$Holder.invokeStaticInit(java.lang.Object)'> (0x000000008903c938) 
thrown [s\open\src\hotspot\share\interpreter\linkResolver.cpp, line 774]
Event: 0.933 Thread 0x00000173c7487c90 Exception <a 'java/lang/NoSuchMethodError'{0x000000008950e9d0}: 'void java.lang.invoke.DirectMethodHandle$Holder.invokeVirtual(java.lang.Object, java.lang.Object)'> (0x000000008950e9d0) 
thrown [s\open\src\hotspot\share\interpreter\linkResolver.cpp, line 774]
Event: 1.091 Thread 0x00000173ff890c70 Exception <a 'java/lang/NoSuchMethodError'{0x0000000088e90ef8}: 'java.lang.Object java.lang.invoke.Invokers$Holder.invokeExact_MT(java.lang.Object, java.lang.Object, java.lang.Object, java.lang.Object, java.lang.Object, java.lang.Object)'> (0x0000000088e90ef8) 
thrown [s\open\src\hotspot\share\interpreter\linkResolver.cpp, line 774]

ZGC Phase Switch (0 events):
No events

VM Operations (20 events):
Event: 0.601 Executing VM operation: HandshakeAllThreads (Deoptimize)
Event: 0.601 Executing VM operation: HandshakeAllThreads (Deoptimize) done
Event: 0.671 Executing VM operation: HandshakeAllThreads (Deoptimize)
Event: 0.671 Executing VM operation: HandshakeAllThreads (Deoptimize) done
Event: 0.937 Executing VM operation: HandshakeAllThreads (Deoptimize)
Event: 0.937 Executing VM operation: HandshakeAllThreads (Deoptimize) done
Event: 1.071 Executing VM operation: ICBufferFull
Event: 1.071 Executing VM operation: ICBufferFull done
Event: 1.270 Executing VM operation: G1CollectForAllocation (G1 Evacuation Pause)
Event: 1.278 Executing VM operation: G1CollectForAllocation (G1 Evacuation Pause) done
Event: 1.382 Executing VM operation: HandshakeAllThreads (Deoptimize)
Event: 1.382 Executing VM operation: HandshakeAllThreads (Deoptimize) done
Event: 1.382 Executing VM operation: HandshakeAllThreads (Deoptimize)
Event: 1.382 Executing VM operation: HandshakeAllThreads (Deoptimize) done
Event: 2.389 Executing VM operation: Cleanup
Event: 2.389 Executing VM operation: Cleanup done
Event: 60.151 Executing VM operation: HandshakeAllThreads (HandshakeForDeflation)
Event: 60.151 Executing VM operation: HandshakeAllThreads (HandshakeForDeflation) done
Event: 60.151 Executing VM operation: RendezvousGCThreads
Event: 60.151 Executing VM operation: RendezvousGCThreads done

Memory protections (0 events):
No events

Nmethod flushes (0 events):
No events

Events (20 events):
Event: 0.060 Thread 0x00000173e37ba600 Thread added: 0x00000173ff88cd00
Event: 0.060 Thread 0x00000173e37ba600 Thread added: 0x00000173ff88ff90
Event: 0.060 Thread 0x00000173e37ba600 Thread added: 0x00000173ff890c70
Event: 0.060 Thread 0x00000173e37ba600 Thread added: 0x00000173ff8916d0
Event: 0.060 Thread 0x00000173e37ba600 Thread added: 0x00000173ff892130
Event: 0.060 Thread 0x00000173e37ba600 Thread added: 0x00000173ff8a8410
Event: 0.061 Thread 0x00000173e37ba600 Thread added: 0x00000173ff8aaae0
Event: 0.096 Thread 0x00000173e37ba600 Thread added: 0x00000173ff859860
Event: 0.173 Thread 0x00000173e37ba600 Thread added: 0x00000173c730d4d0
Event: 0.173 Thread 0x00000173e37ba600 Thread added: 0x00000173c730db40
Event: 0.321 Thread 0x00000173e37ba600 Thread added: 0x00000173c747d120
Event: 0.323 Thread 0x00000173e37ba600 Thread added: 0x00000173c74846e0
Event: 0.325 Thread 0x00000173e37ba600 Thread added: 0x00000173c7487c90
Event: 0.450 Thread 0x00000173e37ba600 Thread added: 0x00000173c74c8210
Event: 0.716 Thread 0x00000173e37ba600 Thread added: 0x00000173c8ab2890
Event: 0.844 Thread 0x00000173ff8aaae0 Thread added: 0x00000173c8dfbea0
Event: 0.937 Thread 0x00000173e37ba600 Thread exited: 0x00000173e37ba600
Event: 0.937 Thread 0x00000173c8df3ad0 Thread added: 0x00000173c8df3ad0
Event: 1.600 Thread 0x00000173c8dfbea0 Thread exited: 0x00000173c8dfbea0
Event: 5.654 Thread 0x00000173c74c8210 Thread exited: 0x00000173c74c8210


Dynamic libraries:
0x00007ff7aa6a0000 - 0x00007ff7aa6b0000 	C:\Program Files\Java\jdk-22\bin\java.exe
0x00007ffab9f70000 - 0x00007ffaba168000 	C:\WINDOWS\SYSTEM32\ntdll.dll
0x00007ffab98d0000 - 0x00007ffab9991000 	C:\WINDOWS\System32\KERNEL32.DLL
0x00007ffab7840000 - 0x00007ffab7b3d000 	C:\WINDOWS\System32\KERNELBASE.dll
0x00007ffab7620000 - 0x00007ffab7720000 	C:\WINDOWS\System32\ucrtbase.dll
0x00007ffab1540000 - 0x00007ffab1557000 	C:\Program Files\Java\jdk-22\bin\jli.dll
0x00007ffab7fa0000 - 0x00007ffab813d000 	C:\WINDOWS\System32\USER32.dll
0x00007ffab7f70000 - 0x00007ffab7f92000 	C:\WINDOWS\System32\win32u.dll
0x00007ffab9db0000 - 0x00007ffab9ddb000 	C:\WINDOWS\System32\GDI32.dll
0x00007ffab6960000 - 0x00007ffab6bfa000 	C:\WINDOWS\WinSxS\amd64_microsoft.windows.common-controls_6595b64144ccf1df_6.0.19041.4355_none_60b8b9eb71f62e16\COMCTL32.dll
0x00007ffab7720000 - 0x00007ffab7837000 	C:\WINDOWS\System32\gdi32full.dll
0x00007ffab9df0000 - 0x00007ffab9e8e000 	C:\WINDOWS\System32\msvcrt.dll
0x00007ffab7ed0000 - 0x00007ffab7f6d000 	C:\WINDOWS\System32\msvcp_win.dll
0x00007ffaa8210000 - 0x00007ffaa822b000 	C:\Program Files\Java\jdk-22\bin\VCRUNTIME140.dll
0x00007ffab99b0000 - 0x00007ffab99df000 	C:\WINDOWS\System32\IMM32.DLL
0x00000000743e0000 - 0x00000000743ec000 	C:\Program Files (x86)\360\Total Security\safemon\SafeWrapper.dll
0x00007ffab8da0000 - 0x00007ffab8e50000 	C:\WINDOWS\System32\ADVAPI32.dll
0x00007ffab9e90000 - 0x00007ffab9f30000 	C:\WINDOWS\System32\sechost.dll
0x00007ffab96c0000 - 0x00007ffab97e3000 	C:\WINDOWS\System32\RPCRT4.dll
0x00007ffab7b40000 - 0x00007ffab7b67000 	C:\WINDOWS\System32\bcrypt.dll
0x00007ffa55e10000 - 0x00007ffa55ea2000 	C:\Program Files (x86)\360\Total Security\safemon\libzdtp64.dll
0x00007ffab8630000 - 0x00007ffab8d9f000 	C:\WINDOWS\System32\SHELL32.dll
0x00007ffab9660000 - 0x00007ffab96b5000 	C:\WINDOWS\System32\SHLWAPI.dll
0x00007ffab7340000 - 0x00007ffab734a000 	C:\WINDOWS\SYSTEM32\VERSION.dll
0x00007ffab5630000 - 0x00007ffab563c000 	C:\Program Files\Java\jdk-22\bin\vcruntime140_1.dll
0x00007ffa9f3e0000 - 0x00007ffa9f46e000 	C:\Program Files\Java\jdk-22\bin\msvcp140.dll
0x00007ffa69610000 - 0x00007ffa6a359000 	C:\Program Files\Java\jdk-22\bin\server\jvm.dll
0x00007ffab95f0000 - 0x00007ffab965b000 	C:\WINDOWS\System32\WS2_32.dll
0x00007ffab7190000 - 0x00007ffab71db000 	C:\WINDOWS\SYSTEM32\POWRPROF.dll
0x00007ffaa5c20000 - 0x00007ffaa5c47000 	C:\WINDOWS\SYSTEM32\WINMM.dll
0x00007ffab6c00000 - 0x00007ffab6c12000 	C:\WINDOWS\SYSTEM32\UMPDC.dll
0x00007ffab4620000 - 0x00007ffab4632000 	C:\WINDOWS\SYSTEM32\kernel.appcore.dll
0x00007ffab54e0000 - 0x00007ffab54ea000 	C:\Program Files\Java\jdk-22\bin\jimage.dll
0x00007ffab6fa0000 - 0x00007ffab7184000 	C:\WINDOWS\SYSTEM32\DBGHELP.DLL
0x00007ffab6d30000 - 0x00007ffab6d64000 	C:\WINDOWS\SYSTEM32\dbgcore.DLL
0x00007ffab7e40000 - 0x00007ffab7ec2000 	C:\WINDOWS\System32\bcryptPrimitives.dll
0x00007ffab2640000 - 0x00007ffab264f000 	C:\Program Files\Java\jdk-22\bin\instrument.dll
0x00007ffa9fb50000 - 0x00007ffa9fb6e000 	C:\Program Files\Java\jdk-22\bin\java.dll
0x00007ffab9ad0000 - 0x00007ffab9bfb000 	C:\WINDOWS\System32\ole32.dll
0x00007ffab8140000 - 0x00007ffab8493000 	C:\WINDOWS\System32\combase.dll
0x00007ffab4820000 - 0x00007ffab4fbf000 	C:\WINDOWS\SYSTEM32\windows.storage.dll
0x00007ffab68c0000 - 0x00007ffab68ee000 	C:\WINDOWS\SYSTEM32\Wldp.dll
0x00007ffab8f60000 - 0x00007ffab902d000 	C:\WINDOWS\System32\OLEAUT32.dll
0x00007ffab94c0000 - 0x00007ffab956d000 	C:\WINDOWS\System32\SHCORE.dll
0x00007ffab7550000 - 0x00007ffab7574000 	C:\WINDOWS\SYSTEM32\profapi.dll
0x00007ffa8a120000 - 0x00007ffa8a1f7000 	C:\Program Files\Java\jdk-22\bin\jsvml.dll
0x00007ffa9fb30000 - 0x00007ffa9fb47000 	C:\Program Files\Java\jdk-22\bin\zip.dll
0x00007ffaa61c0000 - 0x00007ffaa61d0000 	C:\Program Files\Java\jdk-22\bin\net.dll
0x00007ffab6620000 - 0x00007ffab668a000 	C:\WINDOWS\system32\mswsock.dll
0x00007ffa9fb10000 - 0x00007ffa9fb26000 	C:\Program Files\Java\jdk-22\bin\nio.dll
0x00007ffa9f610000 - 0x00007ffa9f62a000 	C:\Program Files\JetBrains\IntelliJ IDEA Community Edition 2024.1.4\bin\breakgen64.dll
0x00007ffaa55e0000 - 0x00007ffaa55e9000 	C:\Program Files\Java\jdk-22\bin\extnet.dll
0x00007ffa7ba80000 - 0x00007ffa7bc0e000 	C:\Program Files\Java\jdk-22\bin\awt.dll
0x00007ffab3d30000 - 0x00007ffab3dc4000 	C:\WINDOWS\SYSTEM32\apphelp.dll
0x00007ffab4410000 - 0x00007ffab443f000 	C:\WINDOWS\system32\DWMAPI.DLL
0x00007ffab4170000 - 0x00007ffab420e000 	C:\WINDOWS\system32\uxtheme.dll
0x00007ffa8d780000 - 0x00007ffa8d8a8000 	C:\WINDOWS\system32\opengl32.dll
0x00007ffa8d710000 - 0x00007ffa8d73c000 	C:\WINDOWS\SYSTEM32\GLU32.dll
0x00007ffab8500000 - 0x00007ffab8614000 	C:\WINDOWS\System32\MSCTF.dll
0x00007ffa9b930000 - 0x00007ffa9b9b7000 	C:\Program Files\Java\jdk-22\bin\freetype.dll
0x00007ffa7b9a0000 - 0x00007ffa7ba77000 	C:\Program Files\Java\jdk-22\bin\fontmanager.dll
0x00007ffab8e50000 - 0x00007ffab8ef9000 	C:\WINDOWS\System32\clbcatq.dll
0x00007ffab3f30000 - 0x00007ffab40e6000 	C:\WINDOWS\SYSTEM32\WindowsCodecs.dll
0x00007ffa8ccc0000 - 0x00007ffa8ccfe000 	C:\WINDOWS\system32\dataexchange.dll
0x00007ffab2fd0000 - 0x00007ffab31b4000 	C:\WINDOWS\system32\dcomp.dll
0x00007ffab2670000 - 0x00007ffab28d3000 	C:\WINDOWS\system32\d3d11.dll
0x00007ffab57b0000 - 0x00007ffab58a6000 	C:\WINDOWS\system32\dxgi.dll
0x00007ffab07f0000 - 0x00007ffab09f3000 	C:\WINDOWS\system32\twinapi.appcore.dll
0x00007ffaae270000 - 0x00007ffaae369000 	C:\WINDOWS\SYSTEM32\textinputframework.dll
0x00007ffab31e0000 - 0x00007ffab353b000 	C:\WINDOWS\System32\CoreUIComponents.dll
0x00007ffab38c0000 - 0x00007ffab39b2000 	C:\WINDOWS\System32\CoreMessaging.dll
0x00007ffab1ed0000 - 0x00007ffab2027000 	C:\WINDOWS\SYSTEM32\wintypes.dll
0x00007ffab72d0000 - 0x00007ffab7303000 	C:\WINDOWS\SYSTEM32\ntmarta.dll

dbghelp: loaded successfully - version: 4.0.5 - missing functions: none
symbol engine: initialized successfully - sym options: 0x614 - pdb path: .;C:\Program Files\Java\jdk-22\bin;C:\WINDOWS\SYSTEM32;C:\WINDOWS\WinSxS\amd64_microsoft.windows.common-controls_6595b64144ccf1df_6.0.19041.4355_none_60b8b9eb71f62e16;C:\Program Files (x86)\360\Total Security\safemon;C:\Program Files\Java\jdk-22\bin\server;C:\Program Files\JetBrains\IntelliJ IDEA Community Edition 2024.1.4\bin

VM Arguments:
jvm_args: -javaagent:C:\Program Files\JetBrains\IntelliJ IDEA Community Edition 2024.1.4\lib\idea_rt.jar=50100:C:\Program Files\JetBrains\IntelliJ IDEA Community Edition 2024.1.4\bin -Dfile.encoding=UTF-8 -Dsun.stdout.encoding=UTF-8 -Dsun.stderr.encoding=UTF-8 
java_command: bank.management.system.SignUp2
java_class_path (initial): F:\java project\Bank Management System\out\production\Bank Management System;F:\java project\Bank Management System\src\jcalendar-tz-1.3.3-4.jar;F:\java project\Bank Management System\src\mysql-connector-java-8.0.28.jar
Launcher Type: SUN_STANDARD

[Global flags]
     intx CICompilerCount                          = 3                                         {product} {ergonomic}
     uint ConcGCThreads                            = 1                                         {product} {ergonomic}
     uint G1ConcRefinementThreads                  = 4                                         {product} {ergonomic}
   size_t G1HeapRegionSize                         = 1048576                                   {product} {ergonomic}
   size_t InitialHeapSize                          = 134217728                                 {product} {ergonomic}
   size_t MarkStackSize                            = 4194304                                   {product} {ergonomic}
   size_t MaxHeapSize                              = 2120220672                                {product} {ergonomic}
   size_t MaxNewSize                               = 1271922688                                {product} {ergonomic}
   size_t MinHeapDeltaBytes                        = 1048576                                   {product} {ergonomic}
   size_t MinHeapSize                              = 8388608                                   {product} {ergonomic}
    uintx NonNMethodCodeHeapSize                   = 5832780                                {pd product} {ergonomic}
    uintx NonProfiledCodeHeapSize                  = 122912730                              {pd product} {ergonomic}
    uintx ProfiledCodeHeapSize                     = 122912730                              {pd product} {ergonomic}
    uintx ReservedCodeCacheSize                    = 251658240                              {pd product} {ergonomic}
     bool SegmentedCodeCache                       = true                                      {product} {ergonomic}
   size_t SoftMaxHeapSize                          = 2120220672                             {manageable} {ergonomic}
     bool UseCompressedOops                        = true                           {product lp64_product} {ergonomic}
     bool UseG1GC                                  = true                                      {product} {ergonomic}
     bool UseLargePagesIndividualAllocation        = false                                  {pd product} {ergonomic}

Logging:
Log output configuration:
 #0: stdout all=warning uptime,level,tags foldmultilines=false
 #1: stderr all=off uptime,level,tags foldmultilines=false

Environment Variables:
PATH=C:\xampp\php;C:\Program Files\Securden\Securden_Agent\path\;C:\Program Files\Common Files\Oracle\Java\javapath;D:\oracle\product\10.2.0\db_1\bin;C:\Program Files\Python38\Scripts\;C:\Program Files\Python38\;C:\Program Files\Python312\Scripts\;C:\Program Files\Python312\;C:\WINDOWS\system32;C:\WINDOWS;C:\WINDOWS\System32\Wbem;C:\WINDOWS\System32\WindowsPowerShell\v1.0\;C:\WINDOWS\System32\OpenSSH\;C:\Program Files\nodejs\;C:\Program Files\nodejs;C:\Program Files\Git\cmd;C:\Program Files\Java\jdk-21\bin;C:\Program Files\MySQL\MySQL Shell 8.0\bin\;C:\Users\user\AppData\Local\Microsoft\WindowsApps;C:\Users\user\AppData\Local\Programs\Microsoft VS Code\bin;C:\Users\user\AppData\Roaming\npm;C:\Users\user\AppData\Local\GitHubDesktop\bin;C:\Program Files\JetBrains\IntelliJ IDEA Community Edition 2024.1.4\bin;
USERNAME=user
OS=Windows_NT
PROCESSOR_IDENTIFIER=Intel64 Family 6 Model 78 Stepping 3, GenuineIntel
TMP=C:\Users\user\AppData\Local\Temp
TEMP=C:\Users\user\AppData\Local\Temp




Periodic native trim disabled

---------------  S Y S T E M  ---------------

OS:
 Windows 10 , 64 bit Build 19041 (10.0.19041.4717)
OS uptime: 0 days 11:04 hours

CPU: total 4 (initial active 4) (2 cores per cpu, 2 threads per core) family 6 model 78 stepping 3 microcode 0xcc, cx8, cmov, fxsr, ht, mmx, 3dnowpref, sse, sse2, sse3, ssse3, sse4.1, sse4.2, popcnt, lzcnt, tsc, tscinvbit, avx, avx2, aes, erms, clmul, bmi1, bmi2, adx, fma, vzeroupper, clflush, clflushopt, rdtscp, f16c
Processor Information for all 4 processors :
  Max Mhz: 2400, Current Mhz: 2300, Mhz Limit: 2280

Memory: 4k page, system-wide physical 8085M (1853M free)
TotalPageFile size 10821M (AvailPageFile size 1402M)
current process WorkingSet (physical memory assigned to process): 83M, peak: 92M
current process commit charge ("private bytes"): 221M, peak: 228M

vm_info: Java HotSpot(TM) 64-Bit Server VM (22.0.2+9-70) for windows-amd64 JRE (22.0.2+9-70), built on 2024-06-04T16:52:23Z by "mach5one" with MS VC++ 17.6 (VS2022)

END.
